<?xml version="1.0" encoding="UTF-8"?>
<coverage generated="1782219360193" clover="3.2.0">
  <project timestamp="1782219360193" name="All files">
    <metrics statements="158" coveredstatements="158" conditionals="87" coveredconditionals="86" methods="49" coveredmethods="49" elements="294" coveredelements="293" complexity="0" loc="158" ncloc="158" packages="3" files="10" classes="10"/>
    <package name="components.forms">
      <metrics statements="28" coveredstatements="28" conditionals="24" coveredconditionals="24" methods="4" coveredmethods="4"/>
      <file name="NewsletterForm.tsx" path="C:\Users\Gabriele\Documents\Gabriele\Kyrvyn Ltd\website\Kyrvyn_Ltd\src\components\forms\NewsletterForm.tsx">
        <metrics statements="28" coveredstatements="28" conditionals="24" coveredconditionals="24" methods="4" coveredmethods="4"/>
        <line num="1" count="1" type="stmt"/>
        <line num="15" count="126" type="stmt"/>
        <line num="16" count="126" type="stmt"/>
        <line num="17" count="126" type="stmt"/>
        <line num="18" count="126" type="cond" truecount="2" falsecount="0"/>
        <line num="21" count="6" type="stmt"/>
        <line num="22" count="6" type="stmt"/>
        <line num="24" count="6" type="stmt"/>
        <line num="25" count="6" type="cond" truecount="2" falsecount="0"/>
        <line num="26" count="2" type="cond" truecount="2" falsecount="0"/>
        <line num="27" count="1" type="stmt"/>
        <line num="28" count="1" type="stmt"/>
        <line num="31" count="1" type="stmt"/>
        <line num="32" count="1" type="stmt"/>
        <line num="33" count="1" type="stmt"/>
        <line num="34" count="1" type="stmt"/>
        <line num="35" count="1" type="stmt"/>
        <line num="36" count="1" type="stmt"/>
        <line num="39" count="4" type="stmt"/>
        <line num="44" count="4" type="cond" truecount="2" falsecount="0"/>
        <line num="45" count="2" type="stmt"/>
        <line num="46" count="2" type="stmt"/>
        <line num="48" count="2" type="stmt"/>
        <line num="52" count="126" type="cond" truecount="2" falsecount="0"/>
        <line num="53" count="71" type="stmt"/>
        <line num="69" count="61" type="stmt"/>
        <line num="94" count="55" type="stmt"/>
        <line num="115" count="49" type="stmt"/>
      </file>
    </package>
    <package name="components.ui">
      <metrics statements="129" coveredstatements="129" conditionals="63" coveredconditionals="62" methods="45" coveredmethods="45"/>
      <file name="BackgroundBlocks.tsx" path="C:\Users\Gabriele\Documents\Gabriele\Kyrvyn Ltd\website\Kyrvyn_Ltd\src\components\ui\BackgroundBlocks.tsx">
        <metrics statements="59" coveredstatements="59" conditionals="10" coveredconditionals="9" methods="15" coveredmethods="15"/>
        <line num="1" count="1" type="stmt"/>
        <line num="18" count="15" type="stmt"/>
        <line num="19" count="3360" type="stmt"/>
        <line num="20" count="3360" type="stmt"/>
        <line num="21" count="3360" type="stmt"/>
        <line num="22" count="3360" type="stmt"/>
        <line num="27" count="15" type="stmt"/>
        <line num="28" count="15" type="stmt"/>
        <line num="30" count="15" type="stmt"/>
        <line num="31" count="15" type="stmt"/>
        <line num="32" count="15" type="stmt"/>
        <line num="33" count="15" type="stmt"/>
        <line num="35" count="15" type="stmt"/>
        <line num="36" count="420" type="stmt"/>
        <line num="37" count="420" type="stmt"/>
        <line num="38" count="420" type="stmt"/>
        <line num="39" count="420" type="stmt"/>
        <line num="40" count="420" type="stmt"/>
        <line num="41" count="420" type="stmt"/>
        <line num="42" count="420" type="stmt"/>
        <line num="43" count="420" type="stmt"/>
        <line num="44" count="420" type="stmt"/>
        <line num="58" count="15" type="stmt"/>
        <line num="59" count="15" type="stmt"/>
        <line num="60" count="15" type="cond" truecount="1" falsecount="1"/>
        <line num="62" count="15" type="stmt"/>
        <line num="63" count="15" type="stmt"/>
        <line num="64" count="15" type="stmt"/>
        <line num="66" count="15" type="stmt"/>
        <line num="67" count="1936" type="stmt"/>
        <line num="68" count="1936" type="stmt"/>
        <line num="69" count="1936" type="stmt"/>
        <line num="72" count="15" type="stmt"/>
        <line num="74" count="15" type="stmt"/>
        <line num="75" count="15" type="stmt"/>
        <line num="76" count="2" type="cond" truecount="2" falsecount="0"/>
        <line num="79" count="15" type="stmt"/>
        <line num="80" count="15" type="stmt"/>
        <line num="82" count="15" type="stmt"/>
        <line num="83" count="26" type="cond" truecount="2" falsecount="0"/>
        <line num="84" count="21" type="stmt"/>
        <line num="85" count="21" type="cond" truecount="2" falsecount="0"/>
        <line num="86" count="4" type="stmt"/>
        <line num="87" count="4" type="stmt"/>
        <line num="88" count="4" type="stmt"/>
        <line num="90" count="17" type="cond" truecount="2" falsecount="0"/>
        <line num="91" count="1" type="stmt"/>
        <line num="92" count="1" type="stmt"/>
        <line num="96" count="15" type="stmt"/>
        <line num="97" count="15" type="stmt"/>
        <line num="98" count="15" type="stmt"/>
        <line num="100" count="15" type="stmt"/>
        <line num="101" count="15" type="stmt"/>
        <line num="102" count="15" type="stmt"/>
        <line num="103" count="15" type="stmt"/>
        <line num="104" count="15" type="stmt"/>
        <line num="105" count="15" type="stmt"/>
        <line num="109" count="15" type="stmt"/>
        <line num="112" count="420" type="stmt"/>
      </file>
      <file name="Badge.tsx" path="C:\Users\Gabriele\Documents\Gabriele\Kyrvyn Ltd\website\Kyrvyn_Ltd\src\components\ui\Badge.tsx">
        <metrics statements="2" coveredstatements="2" conditionals="8" coveredconditionals="8" methods="1" coveredmethods="1"/>
        <line num="11" count="4" type="cond" truecount="2" falsecount="0"/>
        <line num="19" count="4" type="stmt"/>
      </file>
      <file name="Button.tsx" path="C:\Users\Gabriele\Documents\Gabriele\Kyrvyn Ltd\website\Kyrvyn_Ltd\src\components\ui\Button.tsx">
        <metrics statements="10" coveredstatements="10" conditionals="15" coveredconditionals="15" methods="4" coveredmethods="4"/>
        <line num="21" count="127" type="cond" truecount="4" falsecount="0"/>
        <line num="23" count="52" type="stmt"/>
        <line num="25" count="16" type="stmt"/>
        <line num="28" count="59" type="stmt"/>
        <line num="33" count="127" type="cond" truecount="4" falsecount="0"/>
        <line num="35" count="16" type="stmt"/>
        <line num="37" count="55" type="stmt"/>
        <line num="40" count="56" type="stmt"/>
        <line num="51" count="123" type="stmt"/>
        <line num="66" count="4" type="stmt"/>
      </file>
      <file name="CookieBanner.tsx" path="C:\Users\Gabriele\Documents\Gabriele\Kyrvyn Ltd\website\Kyrvyn_Ltd\src\components\ui\CookieBanner.tsx">
        <metrics statements="16" coveredstatements="16" conditionals="10" coveredconditionals="10" methods="6" coveredmethods="6"/>
        <line num="1" count="1" type="stmt"/>
        <line num="8" count="14" type="stmt"/>
        <line num="9" count="14" type="stmt"/>
        <line num="10" count="14" type="stmt"/>
        <line num="12" count="14" type="stmt"/>
        <line num="13" count="6" type="stmt"/>
        <line num="14" count="6" type="cond" truecount="2" falsecount="0"/>
        <line num="15" count="5" type="stmt"/>
        <line num="19" count="14" type="stmt"/>
        <line num="20" count="3" type="stmt"/>
        <line num="21" count="3" type="stmt"/>
        <line num="24" count="14" type="cond" truecount="2" falsecount="0"/>
        <line num="26" count="12" type="stmt"/>
        <line num="50" count="1" type="stmt"/>
        <line num="56" count="1" type="stmt"/>
        <line num="62" count="1" type="stmt"/>
      </file>
      <file name="GlassCard.tsx" path="C:\Users\Gabriele\Documents\Gabriele\Kyrvyn Ltd\website\Kyrvyn_Ltd\src\components\ui\GlassCard.tsx">
        <metrics statements="1" coveredstatements="1" conditionals="1" coveredconditionals="1" methods="1" coveredmethods="1"/>
        <line num="9" count="146" type="stmt"/>
      </file>
      <file name="OfferQuiz.tsx" path="C:\Users\Gabriele\Documents\Gabriele\Kyrvyn Ltd\website\Kyrvyn_Ltd\src\components\ui\OfferQuiz.tsx">
        <metrics statements="29" coveredstatements="29" conditionals="9" coveredconditionals="9" methods="13" coveredmethods="13"/>
        <line num="1" count="1" type="stmt"/>
        <line num="26" count="1" type="stmt"/>
        <line num="63" count="1" type="stmt"/>
        <line num="115" count="19" type="stmt"/>
        <line num="116" count="49" type="stmt"/>
        <line num="117" count="19" type="stmt"/>
        <line num="118" count="19" type="stmt"/>
        <line num="122" count="19" type="stmt"/>
        <line num="123" count="19" type="stmt"/>
        <line num="129" count="19" type="stmt"/>
        <line num="130" count="19" type="stmt"/>
        <line num="131" count="19" type="stmt"/>
        <line num="133" count="19" type="stmt"/>
        <line num="134" count="6" type="stmt"/>
        <line num="146" count="6" type="stmt"/>
        <line num="149" count="19" type="stmt"/>
        <line num="150" count="6" type="stmt"/>
        <line num="151" count="6" type="stmt"/>
        <line num="155" count="13" type="stmt"/>
        <line num="160" count="13" type="stmt"/>
        <line num="164" count="2" type="stmt"/>
        <line num="165" count="2" type="stmt"/>
        <line num="168" count="19" type="cond" truecount="2" falsecount="0"/>
        <line num="169" count="3" type="stmt"/>
        <line num="184" count="9" type="stmt"/>
        <line num="214" count="16" type="stmt"/>
        <line num="216" count="16" type="stmt"/>
        <line num="234" count="48" type="stmt"/>
        <line num="236" count="13" type="stmt"/>
      </file>
      <file name="SectionHeading.tsx" path="C:\Users\Gabriele\Documents\Gabriele\Kyrvyn Ltd\website\Kyrvyn_Ltd\src\components\ui\SectionHeading.tsx">
        <metrics statements="3" coveredstatements="3" conditionals="4" coveredconditionals="4" methods="2" coveredmethods="2"/>
        <line num="12" count="1" type="stmt"/>
        <line num="25" count="1" type="cond" truecount="1" falsecount="0"/>
        <line num="26" count="1" type="stmt"/>
      </file>
      <file name="ThemeToggle.tsx" path="C:\Users\Gabriele\Documents\Gabriele\Kyrvyn Ltd\website\Kyrvyn_Ltd\src\components\ui\ThemeToggle.tsx">
        <metrics statements="9" coveredstatements="9" conditionals="6" coveredconditionals="6" methods="3" coveredmethods="3"/>
        <line num="1" count="1" type="stmt"/>
        <line num="8" count="4" type="stmt"/>
        <line num="9" count="4" type="stmt"/>
        <line num="11" count="4" type="stmt"/>
        <line num="12" count="2" type="stmt"/>
        <line num="15" count="4" type="cond" truecount="2" falsecount="0"/>
        <line num="16" count="2" type="stmt"/>
        <line num="19" count="2" type="stmt"/>
        <line num="21" count="2" type="cond" truecount="2" falsecount="0"/>
      </file>
    </package>
    <package name="lib">
      <metrics statements="1" coveredstatements="1" conditionals="0" coveredconditionals="0" methods="0" coveredmethods="0"/>
      <file name="caseStudies.ts" path="C:\Users\Gabriele\Documents\Gabriele\Kyrvyn Ltd\website\Kyrvyn_Ltd\src\lib\caseStudies.ts">
        <metrics statements="1" coveredstatements="1" conditionals="0" coveredconditionals="0" methods="0" coveredmethods="0"/>
        <line num="13" count="1" type="stmt"/>
      </file>
    </package>
  </project>
</coverage>
