{"C:\\Users\\Gabriele\\Documents\\Gabriele\\Kyrvyn Ltd\\website\\Kyrvyn_Ltd\\src\\components\\forms\\NewsletterForm.tsx": {"path":"C:\\Users\\Gabriele\\Documents\\Gabriele\\Kyrvyn Ltd\\website\\Kyrvyn_Ltd\\src\\components\\forms\\NewsletterForm.tsx","statementMap":{"0":{"start":{"line":6,"column":0},"end":{"line":6,"column":null}},"1":{"start":{"line":15,"column":24},"end":{"line":15,"column":null}},"2":{"start":{"line":16,"column":26},"end":{"line":16,"column":null}},"3":{"start":{"line":17,"column":25},"end":{"line":17,"column":null}},"4":{"start":{"line":18,"column":8},"end":{"line":18,"column":null}},"5":{"start":{"line":21,"column":4},"end":{"line":21,"column":null}},"6":{"start":{"line":22,"column":4},"end":{"line":22,"column":null}},"7":{"start":{"line":24,"column":4},"end":{"line":49,"column":null}},"8":{"start":{"line":25,"column":6},"end":{"line":37,"column":null}},"9":{"start":{"line":26,"column":8},"end":{"line":29,"column":null}},"10":{"start":{"line":27,"column":10},"end":{"line":27,"column":null}},"11":{"start":{"line":28,"column":10},"end":{"line":28,"column":null}},"12":{"start":{"line":31,"column":24},"end":{"line":31,"column":null}},"13":{"start":{"line":32,"column":21},"end":{"line":32,"column":null}},"14":{"start":{"line":33,"column":8},"end":{"line":33,"column":null}},"15":{"start":{"line":34,"column":8},"end":{"line":34,"column":null}},"16":{"start":{"line":35,"column":8},"end":{"line":35,"column":null}},"17":{"start":{"line":36,"column":8},"end":{"line":36,"column":null}},"18":{"start":{"line":39,"column":16},"end":{"line":43,"column":null}},"19":{"start":{"line":44,"column":6},"end":{"line":44,"column":null}},"20":{"start":{"line":44,"column":17},"end":{"line":44,"column":null}},"21":{"start":{"line":45,"column":6},"end":{"line":45,"column":null}},"22":{"start":{"line":46,"column":6},"end":{"line":46,"column":null}},"23":{"start":{"line":48,"column":6},"end":{"line":48,"column":null}},"24":{"start":{"line":52,"column":2},"end":{"line":92,"column":null}},"25":{"start":{"line":53,"column":4},"end":{"line":90,"column":null}},"26":{"start":{"line":69,"column":29},"end":{"line":69,"column":null}},"27":{"start":{"line":94,"column":2},"end":{"line":132,"column":null}},"28":{"start":{"line":115,"column":27},"end":{"line":115,"column":null}}},"fnMap":{"0":{"name":"NewsletterForm","decl":{"start":{"line":8,"column":16},"end":{"line":8,"column":31}},"loc":{"start":{"line":14,"column":3},"end":{"line":134,"column":null}},"line":14},"1":{"name":"onSubmit","decl":{"start":{"line":20,"column":17},"end":{"line":20,"column":26}},"loc":{"start":{"line":20,"column":46},"end":{"line":50,"column":null}},"line":20},"2":{"name":"(anonymous_2)","decl":{"start":{"line":69,"column":22},"end":{"line":69,"column":23}},"loc":{"start":{"line":69,"column":29},"end":{"line":69,"column":null}},"line":69},"3":{"name":"(anonymous_3)","decl":{"start":{"line":115,"column":20},"end":{"line":115,"column":21}},"loc":{"start":{"line":115,"column":27},"end":{"line":115,"column":null}},"line":115}},"branchMap":{"0":{"loc":{"start":{"line":9,"column":2},"end":{"line":9,"column":null}},"type":"default-arg","locations":[{"start":{"line":9,"column":12},"end":{"line":9,"column":null}}],"line":9},"1":{"loc":{"start":{"line":10,"column":2},"end":{"line":10,"column":null}},"type":"default-arg","locations":[{"start":{"line":10,"column":14},"end":{"line":10,"column":null}}],"line":10},"2":{"loc":{"start":{"line":18,"column":24},"end":{"line":18,"column":69}},"type":"binary-expr","locations":[{"start":{"line":18,"column":24},"end":{"line":18,"column":65}},{"start":{"line":18,"column":65},"end":{"line":18,"column":69}}],"line":18},"3":{"loc":{"start":{"line":25,"column":6},"end":{"line":37,"column":null}},"type":"if","locations":[{"start":{"line":25,"column":6},"end":{"line":37,"column":null}},{"start":{},"end":{}}],"line":25},"4":{"loc":{"start":{"line":26,"column":8},"end":{"line":29,"column":null}},"type":"if","locations":[{"start":{"line":26,"column":8},"end":{"line":29,"column":null}},{"start":{},"end":{}}],"line":26},"5":{"loc":{"start":{"line":44,"column":6},"end":{"line":44,"column":null}},"type":"if","locations":[{"start":{"line":44,"column":6},"end":{"line":44,"column":null}},{"start":{},"end":{}}],"line":44},"6":{"loc":{"start":{"line":52,"column":2},"end":{"line":92,"column":null}},"type":"if","locations":[{"start":{"line":52,"column":2},"end":{"line":92,"column":null}},{"start":{},"end":{}}],"line":52},"7":{"loc":{"start":{"line":77,"column":13},"end":{"line":77,"column":null}},"type":"cond-expr","locations":[{"start":{"line":77,"column":36},"end":{"line":77,"column":44}},{"start":{"line":77,"column":44},"end":{"line":77,"column":null}}],"line":77},"8":{"loc":{"start":{"line":80,"column":9},"end":{"line":83,"column":null}},"type":"binary-expr","locations":[{"start":{"line":80,"column":9},"end":{"line":80,"column":null}},{"start":{"line":81,"column":10},"end":{"line":83,"column":null}}],"line":80},"9":{"loc":{"start":{"line":85,"column":9},"end":{"line":88,"column":null}},"type":"binary-expr","locations":[{"start":{"line":85,"column":9},"end":{"line":85,"column":null}},{"start":{"line":86,"column":10},"end":{"line":88,"column":null}}],"line":85},"10":{"loc":{"start":{"line":119,"column":11},"end":{"line":119,"column":null}},"type":"cond-expr","locations":[{"start":{"line":119,"column":34},"end":{"line":119,"column":52}},{"start":{"line":119,"column":52},"end":{"line":119,"column":null}}],"line":119},"11":{"loc":{"start":{"line":122,"column":7},"end":{"line":125,"column":null}},"type":"binary-expr","locations":[{"start":{"line":122,"column":7},"end":{"line":122,"column":null}},{"start":{"line":123,"column":8},"end":{"line":125,"column":null}}],"line":122},"12":{"loc":{"start":{"line":127,"column":7},"end":{"line":130,"column":null}},"type":"binary-expr","locations":[{"start":{"line":127,"column":7},"end":{"line":127,"column":null}},{"start":{"line":128,"column":8},"end":{"line":130,"column":null}}],"line":127}},"s":{"0":1,"1":71,"2":71,"3":71,"4":71,"5":4,"6":4,"7":4,"8":4,"9":2,"10":1,"11":1,"12":1,"13":1,"14":1,"15":1,"16":1,"17":1,"18":2,"19":2,"20":1,"21":1,"22":1,"23":1,"24":71,"25":71,"26":61,"27":0,"28":0},"f":{"0":71,"1":4,"2":61,"3":0},"b":{"0":[71],"1":[71],"2":[71,9],"3":[2,2],"4":[1,1],"5":[1,1],"6":[71,0],"7":[2,69],"8":[71,2],"9":[71,2],"10":[0,0],"11":[71,0],"12":[71,0]},"meta":{"lastBranch":13,"lastFunction":4,"lastStatement":29,"seen":{"s:6:0:6:Infinity":0,"f:8:16:8:31":0,"b:9:12:9:Infinity":0,"b:10:14:10:Infinity":1,"s:15:24:15:Infinity":1,"s:16:26:16:Infinity":2,"s:17:25:17:Infinity":3,"s:18:8:18:Infinity":4,"b:18:24:18:65:18:65:18:69":2,"f:20:17:20:26":1,"s:21:4:21:Infinity":5,"s:22:4:22:Infinity":6,"s:24:4:49:Infinity":7,"b:25:6:37:Infinity:undefined:undefined:undefined:undefined":3,"s:25:6:37:Infinity":8,"b:26:8:29:Infinity:undefined:undefined:undefined:undefined":4,"s:26:8:29:Infinity":9,"s:27:10:27:Infinity":10,"s:28:10:28:Infinity":11,"s:31:24:31:Infinity":12,"s:32:21:32:Infinity":13,"s:33:8:33:Infinity":14,"s:34:8:34:Infinity":15,"s:35:8:35:Infinity":16,"s:36:8:36:Infinity":17,"s:39:16:43:Infinity":18,"b:44:6:44:Infinity:undefined:undefined:undefined:undefined":5,"s:44:6:44:Infinity":19,"s:44:17:44:Infinity":20,"s:45:6:45:Infinity":21,"s:46:6:46:Infinity":22,"s:48:6:48:Infinity":23,"b:52:2:92:Infinity:undefined:undefined:undefined:undefined":6,"s:52:2:92:Infinity":24,"s:53:4:90:Infinity":25,"f:69:22:69:23":2,"s:69:29:69:Infinity":26,"b:77:36:77:44:77:44:77:Infinity":7,"b:80:9:80:Infinity:81:10:83:Infinity":8,"b:85:9:85:Infinity:86:10:88:Infinity":9,"s:94:2:132:Infinity":27,"f:115:20:115:21":3,"s:115:27:115:Infinity":28,"b:119:34:119:52:119:52:119:Infinity":10,"b:122:7:122:Infinity:123:8:125:Infinity":11,"b:127:7:127:Infinity:128:8:130:Infinity":12}}}
,"C:\\Users\\Gabriele\\Documents\\Gabriele\\Kyrvyn Ltd\\website\\Kyrvyn_Ltd\\src\\components\\ui\\BackgroundBlocks.tsx": {"path":"C:\\Users\\Gabriele\\Documents\\Gabriele\\Kyrvyn Ltd\\website\\Kyrvyn_Ltd\\src\\components\\ui\\BackgroundBlocks.tsx","statementMap":{"0":{"start":{"line":3,"column":0},"end":{"line":3,"column":null}},"1":{"start":{"line":18,"column":2},"end":{"line":23,"column":null}},"2":{"start":{"line":19,"column":13},"end":{"line":19,"column":null}},"3":{"start":{"line":20,"column":4},"end":{"line":20,"column":null}},"4":{"start":{"line":21,"column":4},"end":{"line":21,"column":null}},"5":{"start":{"line":22,"column":4},"end":{"line":22,"column":null}},"6":{"start":{"line":27,"column":8},"end":{"line":27,"column":null}},"7":{"start":{"line":28,"column":34},"end":{"line":28,"column":null}},"8":{"start":{"line":30,"column":8},"end":{"line":56,"column":null}},"9":{"start":{"line":31,"column":17},"end":{"line":31,"column":null}},"10":{"start":{"line":32,"column":16},"end":{"line":32,"column":null}},"11":{"start":{"line":33,"column":18},"end":{"line":33,"column":null}},"12":{"start":{"line":35,"column":4},"end":{"line":55,"column":null}},"13":{"start":{"line":36,"column":19},"end":{"line":36,"column":null}},"14":{"start":{"line":37,"column":16},"end":{"line":37,"column":null}},"15":{"start":{"line":38,"column":16},"end":{"line":38,"column":null}},"16":{"start":{"line":39,"column":23},"end":{"line":39,"column":null}},"17":{"start":{"line":40,"column":20},"end":{"line":40,"column":null}},"18":{"start":{"line":41,"column":22},"end":{"line":41,"column":null}},"19":{"start":{"line":42,"column":19},"end":{"line":42,"column":null}},"20":{"start":{"line":43,"column":18},"end":{"line":43,"column":null}},"21":{"start":{"line":44,"column":6},"end":{"line":54,"column":null}},"22":{"start":{"line":58,"column":2},"end":{"line":107,"column":null}},"23":{"start":{"line":59,"column":15},"end":{"line":59,"column":null}},"24":{"start":{"line":60,"column":4},"end":{"line":60,"column":null}},"25":{"start":{"line":60,"column":13},"end":{"line":60,"column":null}},"26":{"start":{"line":62,"column":14},"end":{"line":62,"column":null}},"27":{"start":{"line":63,"column":19},"end":{"line":63,"column":null}},"28":{"start":{"line":64,"column":21},"end":{"line":64,"column":null}},"29":{"start":{"line":66,"column":17},"end":{"line":70,"column":null}},"30":{"start":{"line":67,"column":6},"end":{"line":67,"column":null}},"31":{"start":{"line":68,"column":6},"end":{"line":68,"column":null}},"32":{"start":{"line":69,"column":6},"end":{"line":69,"column":null}},"33":{"start":{"line":72,"column":4},"end":{"line":72,"column":null}},"34":{"start":{"line":74,"column":25},"end":{"line":74,"column":null}},"35":{"start":{"line":74,"column":31},"end":{"line":74,"column":null}},"36":{"start":{"line":74,"column":52},"end":{"line":74,"column":57}},"37":{"start":{"line":75,"column":31},"end":{"line":77,"column":null}},"38":{"start":{"line":76,"column":6},"end":{"line":76,"column":null}},"39":{"start":{"line":76,"column":50},"end":{"line":76,"column":null}},"40":{"start":{"line":79,"column":20},"end":{"line":79,"column":null}},"41":{"start":{"line":79,"column":26},"end":{"line":79,"column":null}},"42":{"start":{"line":80,"column":21},"end":{"line":80,"column":null}},"43":{"start":{"line":80,"column":27},"end":{"line":80,"column":null}},"44":{"start":{"line":82,"column":22},"end":{"line":94,"column":null}},"45":{"start":{"line":83,"column":6},"end":{"line":83,"column":null}},"46":{"start":{"line":83,"column":50},"end":{"line":83,"column":null}},"47":{"start":{"line":84,"column":18},"end":{"line":84,"column":null}},"48":{"start":{"line":85,"column":6},"end":{"line":89,"column":null}},"49":{"start":{"line":86,"column":8},"end":{"line":86,"column":null}},"50":{"start":{"line":87,"column":8},"end":{"line":87,"column":null}},"51":{"start":{"line":88,"column":8},"end":{"line":88,"column":null}},"52":{"start":{"line":90,"column":6},"end":{"line":93,"column":null}},"53":{"start":{"line":91,"column":8},"end":{"line":91,"column":null}},"54":{"start":{"line":92,"column":8},"end":{"line":92,"column":null}},"55":{"start":{"line":96,"column":4},"end":{"line":96,"column":null}},"56":{"start":{"line":97,"column":4},"end":{"line":97,"column":null}},"57":{"start":{"line":98,"column":4},"end":{"line":98,"column":null}},"58":{"start":{"line":100,"column":4},"end":{"line":106,"column":null}},"59":{"start":{"line":101,"column":6},"end":{"line":101,"column":null}},"60":{"start":{"line":102,"column":6},"end":{"line":102,"column":null}},"61":{"start":{"line":103,"column":6},"end":{"line":103,"column":null}},"62":{"start":{"line":104,"column":6},"end":{"line":104,"column":null}},"63":{"start":{"line":105,"column":6},"end":{"line":105,"column":null}},"64":{"start":{"line":109,"column":2},"end":{"line":128,"column":null}},"65":{"start":{"line":112,"column":8},"end":{"line":126,"column":null}}},"fnMap":{"0":{"name":"mulberry32","decl":{"start":{"line":17,"column":9},"end":{"line":17,"column":20}},"loc":{"start":{"line":17,"column":34},"end":{"line":24,"column":null}},"line":17},"1":{"name":"(anonymous_1)","decl":{"start":{"line":18,"column":9},"end":{"line":18,"column":21}},"loc":{"start":{"line":18,"column":21},"end":{"line":23,"column":null}},"line":18},"2":{"name":"BackgroundBlocks","decl":{"start":{"line":26,"column":24},"end":{"line":26,"column":43}},"loc":{"start":{"line":26,"column":43},"end":{"line":130,"column":null}},"line":26},"3":{"name":"(anonymous_3)","decl":{"start":{"line":30,"column":34},"end":{"line":30,"column":40}},"loc":{"start":{"line":30,"column":40},"end":{"line":56,"column":5}},"line":30},"4":{"name":"(anonymous_4)","decl":{"start":{"line":35,"column":45},"end":{"line":35,"column":46}},"loc":{"start":{"line":35,"column":55},"end":{"line":55,"column":5}},"line":35},"5":{"name":"(anonymous_5)","decl":{"start":{"line":58,"column":12},"end":{"line":58,"column":18}},"loc":{"start":{"line":58,"column":18},"end":{"line":107,"column":5}},"line":58},"6":{"name":"(anonymous_6)","decl":{"start":{"line":66,"column":17},"end":{"line":66,"column":18}},"loc":{"start":{"line":66,"column":32},"end":{"line":70,"column":null}},"line":66},"7":{"name":"(anonymous_7)","decl":{"start":{"line":74,"column":25},"end":{"line":74,"column":31}},"loc":{"start":{"line":74,"column":31},"end":{"line":74,"column":null}},"line":74},"8":{"name":"(anonymous_8)","decl":{"start":{"line":74,"column":45},"end":{"line":74,"column":46}},"loc":{"start":{"line":74,"column":52},"end":{"line":74,"column":57}},"line":74},"9":{"name":"(anonymous_9)","decl":{"start":{"line":75,"column":31},"end":{"line":75,"column":37}},"loc":{"start":{"line":75,"column":37},"end":{"line":77,"column":null}},"line":75},"10":{"name":"(anonymous_10)","decl":{"start":{"line":79,"column":20},"end":{"line":79,"column":26}},"loc":{"start":{"line":79,"column":26},"end":{"line":79,"column":null}},"line":79},"11":{"name":"(anonymous_11)","decl":{"start":{"line":80,"column":21},"end":{"line":80,"column":27}},"loc":{"start":{"line":80,"column":27},"end":{"line":80,"column":null}},"line":80},"12":{"name":"(anonymous_12)","decl":{"start":{"line":82,"column":41},"end":{"line":82,"column":47}},"loc":{"start":{"line":82,"column":47},"end":{"line":94,"column":7}},"line":82},"13":{"name":"(anonymous_13)","decl":{"start":{"line":100,"column":11},"end":{"line":100,"column":17}},"loc":{"start":{"line":100,"column":17},"end":{"line":106,"column":null}},"line":100},"14":{"name":"(anonymous_14)","decl":{"start":{"line":111,"column":18},"end":{"line":111,"column":19}},"loc":{"start":{"line":112,"column":8},"end":{"line":126,"column":null}},"line":112}},"branchMap":{"0":{"loc":{"start":{"line":60,"column":4},"end":{"line":60,"column":null}},"type":"if","locations":[{"start":{"line":60,"column":4},"end":{"line":60,"column":null}},{"start":{},"end":{}}],"line":60},"1":{"loc":{"start":{"line":76,"column":6},"end":{"line":76,"column":null}},"type":"if","locations":[{"start":{"line":76,"column":6},"end":{"line":76,"column":null}},{"start":{},"end":{}}],"line":76},"2":{"loc":{"start":{"line":83,"column":6},"end":{"line":83,"column":null}},"type":"if","locations":[{"start":{"line":83,"column":6},"end":{"line":83,"column":null}},{"start":{},"end":{}}],"line":83},"3":{"loc":{"start":{"line":85,"column":6},"end":{"line":89,"column":null}},"type":"if","locations":[{"start":{"line":85,"column":6},"end":{"line":89,"column":null}},{"start":{},"end":{}}],"line":85},"4":{"loc":{"start":{"line":90,"column":6},"end":{"line":93,"column":null}},"type":"if","locations":[{"start":{"line":90,"column":6},"end":{"line":93,"column":null}},{"start":{},"end":{}}],"line":90}},"s":{"0":1,"1":5,"2":1120,"3":1120,"4":1120,"5":1120,"6":5,"7":5,"8":5,"9":5,"10":5,"11":5,"12":5,"13":140,"14":140,"15":140,"16":140,"17":140,"18":140,"19":140,"20":140,"21":140,"22":5,"23":5,"24":5,"25":0,"26":5,"27":5,"28":5,"29":5,"30":186,"31":186,"32":186,"33":5,"34":5,"35":2,"36":2,"37":5,"38":1,"39":1,"40":5,"41":1,"42":5,"43":0,"44":5,"45":1,"46":0,"47":1,"48":1,"49":0,"50":0,"51":0,"52":1,"53":0,"54":0,"55":5,"56":5,"57":5,"58":5,"59":5,"60":5,"61":5,"62":5,"63":5,"64":5,"65":140},"f":{"0":5,"1":1120,"2":5,"3":5,"4":140,"5":5,"6":186,"7":2,"8":2,"9":1,"10":1,"11":0,"12":1,"13":5,"14":140},"b":{"0":[0,5],"1":[1,0],"2":[0,1],"3":[0,1],"4":[0,1]},"meta":{"lastBranch":5,"lastFunction":15,"lastStatement":66,"seen":{"s:3:0:3:Infinity":0,"f:17:9:17:20":0,"s:18:2:23:Infinity":1,"f:18:9:18:21":1,"s:19:13:19:Infinity":2,"s:20:4:20:Infinity":3,"s:21:4:21:Infinity":4,"s:22:4:22:Infinity":5,"f:26:24:26:43":2,"s:27:8:27:Infinity":6,"s:28:34:28:Infinity":7,"s:30:8:56:Infinity":8,"f:30:34:30:40":3,"s:31:17:31:Infinity":9,"s:32:16:32:Infinity":10,"s:33:18:33:Infinity":11,"s:35:4:55:Infinity":12,"f:35:45:35:46":4,"s:36:19:36:Infinity":13,"s:37:16:37:Infinity":14,"s:38:16:38:Infinity":15,"s:39:23:39:Infinity":16,"s:40:20:40:Infinity":17,"s:41:22:41:Infinity":18,"s:42:19:42:Infinity":19,"s:43:18:43:Infinity":20,"s:44:6:54:Infinity":21,"s:58:2:107:Infinity":22,"f:58:12:58:18":5,"s:59:15:59:Infinity":23,"b:60:4:60:Infinity:undefined:undefined:undefined:undefined":0,"s:60:4:60:Infinity":24,"s:60:13:60:Infinity":25,"s:62:14:62:Infinity":26,"s:63:19:63:Infinity":27,"s:64:21:64:Infinity":28,"s:66:17:70:Infinity":29,"f:66:17:66:18":6,"s:67:6:67:Infinity":30,"s:68:6:68:Infinity":31,"s:69:6:69:Infinity":32,"s:72:4:72:Infinity":33,"s:74:25:74:Infinity":34,"f:74:25:74:31":7,"s:74:31:74:Infinity":35,"f:74:45:74:46":8,"s:74:52:74:57":36,"s:75:31:77:Infinity":37,"f:75:31:75:37":9,"b:76:6:76:Infinity:undefined:undefined:undefined:undefined":1,"s:76:6:76:Infinity":38,"s:76:50:76:Infinity":39,"s:79:20:79:Infinity":40,"f:79:20:79:26":10,"s:79:26:79:Infinity":41,"s:80:21:80:Infinity":42,"f:80:21:80:27":11,"s:80:27:80:Infinity":43,"s:82:22:94:Infinity":44,"f:82:41:82:47":12,"b:83:6:83:Infinity:undefined:undefined:undefined:undefined":2,"s:83:6:83:Infinity":45,"s:83:50:83:Infinity":46,"s:84:18:84:Infinity":47,"b:85:6:89:Infinity:undefined:undefined:undefined:undefined":3,"s:85:6:89:Infinity":48,"s:86:8:86:Infinity":49,"s:87:8:87:Infinity":50,"s:88:8:88:Infinity":51,"b:90:6:93:Infinity:undefined:undefined:undefined:undefined":4,"s:90:6:93:Infinity":52,"s:91:8:91:Infinity":53,"s:92:8:92:Infinity":54,"s:96:4:96:Infinity":55,"s:97:4:97:Infinity":56,"s:98:4:98:Infinity":57,"s:100:4:106:Infinity":58,"f:100:11:100:17":13,"s:101:6:101:Infinity":59,"s:102:6:102:Infinity":60,"s:103:6:103:Infinity":61,"s:104:6:104:Infinity":62,"s:105:6:105:Infinity":63,"s:109:2:128:Infinity":64,"f:111:18:111:19":14,"s:112:8:126:Infinity":65}}}
,"C:\\Users\\Gabriele\\Documents\\Gabriele\\Kyrvyn Ltd\\website\\Kyrvyn_Ltd\\src\\components\\ui\\Badge.tsx": {"path":"C:\\Users\\Gabriele\\Documents\\Gabriele\\Kyrvyn Ltd\\website\\Kyrvyn_Ltd\\src\\components\\ui\\Badge.tsx","statementMap":{"0":{"start":{"line":11,"column":4},"end":{"line":17,"column":null}},"1":{"start":{"line":19,"column":2},"end":{"line":23,"column":null}}},"fnMap":{"0":{"name":"Badge","decl":{"start":{"line":5,"column":16},"end":{"line":5,"column":22}},"loc":{"start":{"line":9,"column":56},"end":{"line":25,"column":null}},"line":9}},"branchMap":{"0":{"loc":{"start":{"line":6,"column":2},"end":{"line":6,"column":null}},"type":"default-arg","locations":[{"start":{"line":6,"column":14},"end":{"line":6,"column":null}}],"line":6},"1":{"loc":{"start":{"line":7,"column":2},"end":{"line":7,"column":null}},"type":"default-arg","locations":[{"start":{"line":7,"column":12},"end":{"line":7,"column":null}}],"line":7},"2":{"loc":{"start":{"line":11,"column":4},"end":{"line":17,"column":null}},"type":"cond-expr","locations":[{"start":{"line":12,"column":8},"end":{"line":12,"column":null}},{"start":{"line":13,"column":8},"end":{"line":17,"column":null}}],"line":11},"3":{"loc":{"start":{"line":13,"column":8},"end":{"line":17,"column":null}},"type":"cond-expr","locations":[{"start":{"line":14,"column":10},"end":{"line":14,"column":null}},{"start":{"line":15,"column":10},"end":{"line":17,"column":null}}],"line":13},"4":{"loc":{"start":{"line":15,"column":10},"end":{"line":17,"column":null}},"type":"cond-expr","locations":[{"start":{"line":16,"column":12},"end":{"line":16,"column":null}},{"start":{"line":17,"column":12},"end":{"line":17,"column":null}}],"line":15}},"s":{"0":4,"1":4},"f":{"0":4},"b":{"0":[4],"1":[4],"2":[1,3],"3":[1,2],"4":[1,1]},"meta":{"lastBranch":5,"lastFunction":1,"lastStatement":2,"seen":{"f:5:16:5:22":0,"b:6:14:6:Infinity":0,"b:7:12:7:Infinity":1,"s:11:4:17:Infinity":0,"b:12:8:12:Infinity:13:8:17:Infinity":2,"b:14:10:14:Infinity:15:10:17:Infinity":3,"b:16:12:16:Infinity:17:12:17:Infinity":4,"s:19:2:23:Infinity":1}}}
,"C:\\Users\\Gabriele\\Documents\\Gabriele\\Kyrvyn Ltd\\website\\Kyrvyn_Ltd\\src\\components\\ui\\Button.tsx": {"path":"C:\\Users\\Gabriele\\Documents\\Gabriele\\Kyrvyn Ltd\\website\\Kyrvyn_Ltd\\src\\components\\ui\\Button.tsx","statementMap":{"0":{"start":{"line":21,"column":2},"end":{"line":29,"column":null}},"1":{"start":{"line":23,"column":6},"end":{"line":23,"column":null}},"2":{"start":{"line":25,"column":6},"end":{"line":25,"column":null}},"3":{"start":{"line":28,"column":6},"end":{"line":28,"column":null}},"4":{"start":{"line":33,"column":2},"end":{"line":41,"column":null}},"5":{"start":{"line":35,"column":6},"end":{"line":35,"column":null}},"6":{"start":{"line":37,"column":6},"end":{"line":37,"column":null}},"7":{"start":{"line":40,"column":6},"end":{"line":40,"column":null}},"8":{"start":{"line":51,"column":2},"end":{"line":56,"column":null}},"9":{"start":{"line":66,"column":2},"end":{"line":70,"column":null}}},"fnMap":{"0":{"name":"variantClasses","decl":{"start":{"line":20,"column":9},"end":{"line":20,"column":24}},"loc":{"start":{"line":20,"column":48},"end":{"line":30,"column":null}},"line":20},"1":{"name":"sizeClasses","decl":{"start":{"line":32,"column":9},"end":{"line":32,"column":21}},"loc":{"start":{"line":32,"column":39},"end":{"line":42,"column":null}},"line":32},"2":{"name":"Button","decl":{"start":{"line":44,"column":16},"end":{"line":44,"column":23}},"loc":{"start":{"line":50,"column":16},"end":{"line":58,"column":null}},"line":50},"3":{"name":"ButtonLink","decl":{"start":{"line":60,"column":16},"end":{"line":60,"column":27}},"loc":{"start":{"line":65,"column":20},"end":{"line":72,"column":null}},"line":65}},"branchMap":{"0":{"loc":{"start":{"line":21,"column":2},"end":{"line":29,"column":null}},"type":"switch","locations":[{"start":{"line":22,"column":4},"end":{"line":23,"column":null}},{"start":{"line":24,"column":4},"end":{"line":25,"column":null}},{"start":{"line":26,"column":4},"end":{"line":26,"column":null}},{"start":{"line":27,"column":4},"end":{"line":28,"column":null}}],"line":21},"1":{"loc":{"start":{"line":33,"column":2},"end":{"line":41,"column":null}},"type":"switch","locations":[{"start":{"line":34,"column":4},"end":{"line":35,"column":null}},{"start":{"line":36,"column":4},"end":{"line":37,"column":null}},{"start":{"line":38,"column":4},"end":{"line":38,"column":null}},{"start":{"line":39,"column":4},"end":{"line":40,"column":null}}],"line":33},"2":{"loc":{"start":{"line":45,"column":2},"end":{"line":45,"column":null}},"type":"default-arg","locations":[{"start":{"line":45,"column":12},"end":{"line":45,"column":null}}],"line":45},"3":{"loc":{"start":{"line":46,"column":2},"end":{"line":46,"column":null}},"type":"default-arg","locations":[{"start":{"line":46,"column":9},"end":{"line":46,"column":null}}],"line":46},"4":{"loc":{"start":{"line":47,"column":2},"end":{"line":47,"column":null}},"type":"default-arg","locations":[{"start":{"line":47,"column":14},"end":{"line":47,"column":null}}],"line":47},"5":{"loc":{"start":{"line":48,"column":2},"end":{"line":48,"column":null}},"type":"default-arg","locations":[{"start":{"line":48,"column":9},"end":{"line":48,"column":null}}],"line":48},"6":{"loc":{"start":{"line":61,"column":2},"end":{"line":61,"column":null}},"type":"default-arg","locations":[{"start":{"line":61,"column":12},"end":{"line":61,"column":null}}],"line":61},"7":{"loc":{"start":{"line":62,"column":2},"end":{"line":62,"column":null}},"type":"default-arg","locations":[{"start":{"line":62,"column":9},"end":{"line":62,"column":null}}],"line":62},"8":{"loc":{"start":{"line":63,"column":2},"end":{"line":63,"column":null}},"type":"default-arg","locations":[{"start":{"line":63,"column":14},"end":{"line":63,"column":null}}],"line":63}},"s":{"0":2,"1":1,"2":0,"3":1,"4":2,"5":0,"6":1,"7":1,"8":1,"9":1},"f":{"0":2,"1":2,"2":1,"3":1},"b":{"0":[1,0,1,1],"1":[0,1,1,1],"2":[1],"3":[1],"4":[1],"5":[1],"6":[1],"7":[1],"8":[1]},"meta":{"lastBranch":9,"lastFunction":4,"lastStatement":10,"seen":{"f:20:9:20:24":0,"b:22:4:23:Infinity:24:4:25:Infinity:26:4:26:Infinity:27:4:28:Infinity":0,"s:21:2:29:Infinity":0,"s:23:6:23:Infinity":1,"s:25:6:25:Infinity":2,"s:28:6:28:Infinity":3,"f:32:9:32:21":1,"b:34:4:35:Infinity:36:4:37:Infinity:38:4:38:Infinity:39:4:40:Infinity":1,"s:33:2:41:Infinity":4,"s:35:6:35:Infinity":5,"s:37:6:37:Infinity":6,"s:40:6:40:Infinity":7,"f:44:16:44:23":2,"b:45:12:45:Infinity":2,"b:46:9:46:Infinity":3,"b:47:14:47:Infinity":4,"b:48:9:48:Infinity":5,"s:51:2:56:Infinity":8,"f:60:16:60:27":3,"b:61:12:61:Infinity":6,"b:62:9:62:Infinity":7,"b:63:14:63:Infinity":8,"s:66:2:70:Infinity":9}}}
,"C:\\Users\\Gabriele\\Documents\\Gabriele\\Kyrvyn Ltd\\website\\Kyrvyn_Ltd\\src\\components\\ui\\CookieBanner.tsx": {"path":"C:\\Users\\Gabriele\\Documents\\Gabriele\\Kyrvyn Ltd\\website\\Kyrvyn_Ltd\\src\\components\\ui\\CookieBanner.tsx","statementMap":{"0":{"start":{"line":5,"column":0},"end":{"line":5,"column":null}},"1":{"start":{"line":8,"column":8},"end":{"line":8,"column":null}},"2":{"start":{"line":9,"column":32},"end":{"line":9,"column":null}},"3":{"start":{"line":10,"column":8},"end":{"line":10,"column":null}},"4":{"start":{"line":12,"column":2},"end":{"line":17,"column":null}},"5":{"start":{"line":13,"column":20},"end":{"line":13,"column":null}},"6":{"start":{"line":14,"column":4},"end":{"line":16,"column":null}},"7":{"start":{"line":15,"column":6},"end":{"line":15,"column":null}},"8":{"start":{"line":19,"column":24},"end":{"line":22,"column":null}},"9":{"start":{"line":20,"column":4},"end":{"line":20,"column":null}},"10":{"start":{"line":21,"column":4},"end":{"line":21,"column":null}},"11":{"start":{"line":24,"column":2},"end":{"line":24,"column":null}},"12":{"start":{"line":24,"column":38},"end":{"line":24,"column":null}},"13":{"start":{"line":26,"column":2},"end":{"line":71,"column":null}},"14":{"start":{"line":50,"column":31},"end":{"line":50,"column":null}},"15":{"start":{"line":56,"column":31},"end":{"line":56,"column":null}},"16":{"start":{"line":62,"column":31},"end":{"line":62,"column":null}}},"fnMap":{"0":{"name":"CookieBanner","decl":{"start":{"line":7,"column":16},"end":{"line":7,"column":31}},"loc":{"start":{"line":7,"column":31},"end":{"line":73,"column":null}},"line":7},"1":{"name":"(anonymous_1)","decl":{"start":{"line":12,"column":12},"end":{"line":12,"column":18}},"loc":{"start":{"line":12,"column":18},"end":{"line":17,"column":5}},"line":12},"2":{"name":"(anonymous_2)","decl":{"start":{"line":19,"column":24},"end":{"line":19,"column":25}},"loc":{"start":{"line":19,"column":55},"end":{"line":22,"column":null}},"line":19},"3":{"name":"(anonymous_3)","decl":{"start":{"line":50,"column":25},"end":{"line":50,"column":31}},"loc":{"start":{"line":50,"column":31},"end":{"line":50,"column":null}},"line":50},"4":{"name":"(anonymous_4)","decl":{"start":{"line":56,"column":25},"end":{"line":56,"column":31}},"loc":{"start":{"line":56,"column":31},"end":{"line":56,"column":null}},"line":56},"5":{"name":"(anonymous_5)","decl":{"start":{"line":62,"column":25},"end":{"line":62,"column":31}},"loc":{"start":{"line":62,"column":31},"end":{"line":62,"column":null}},"line":62}},"branchMap":{"0":{"loc":{"start":{"line":14,"column":4},"end":{"line":16,"column":null}},"type":"if","locations":[{"start":{"line":14,"column":4},"end":{"line":16,"column":null}},{"start":{},"end":{}}],"line":14},"1":{"loc":{"start":{"line":24,"column":2},"end":{"line":24,"column":null}},"type":"if","locations":[{"start":{"line":24,"column":2},"end":{"line":24,"column":null}},{"start":{},"end":{}}],"line":24},"2":{"loc":{"start":{"line":28,"column":7},"end":{"line":69,"column":null}},"type":"binary-expr","locations":[{"start":{"line":28,"column":7},"end":{"line":28,"column":null}},{"start":{"line":29,"column":8},"end":{"line":69,"column":null}}],"line":28},"3":{"loc":{"start":{"line":30,"column":19},"end":{"line":30,"column":null}},"type":"cond-expr","locations":[{"start":{"line":30,"column":35},"end":{"line":30,"column":52}},{"start":{"line":30,"column":52},"end":{"line":30,"column":null}}],"line":30},"4":{"loc":{"start":{"line":32,"column":16},"end":{"line":32,"column":null}},"type":"cond-expr","locations":[{"start":{"line":32,"column":32},"end":{"line":32,"column":49}},{"start":{"line":32,"column":49},"end":{"line":32,"column":null}}],"line":32}},"s":{"0":1,"1":9,"2":9,"3":9,"4":9,"5":4,"6":4,"7":3,"8":9,"9":2,"10":2,"11":9,"12":2,"13":7,"14":0,"15":1,"16":1},"f":{"0":9,"1":4,"2":2,"3":0,"4":1,"5":1},"b":{"0":[3,1],"1":[2,7],"2":[7,2],"3":[0,2],"4":[0,2]},"meta":{"lastBranch":5,"lastFunction":6,"lastStatement":17,"seen":{"s:5:0:5:Infinity":0,"f:7:16:7:31":0,"s:8:8:8:Infinity":1,"s:9:32:9:Infinity":2,"s:10:8:10:Infinity":3,"s:12:2:17:Infinity":4,"f:12:12:12:18":1,"s:13:20:13:Infinity":5,"b:14:4:16:Infinity:undefined:undefined:undefined:undefined":0,"s:14:4:16:Infinity":6,"s:15:6:15:Infinity":7,"s:19:24:22:Infinity":8,"f:19:24:19:25":2,"s:20:4:20:Infinity":9,"s:21:4:21:Infinity":10,"b:24:2:24:Infinity:undefined:undefined:undefined:undefined":1,"s:24:2:24:Infinity":11,"s:24:38:24:Infinity":12,"s:26:2:71:Infinity":13,"b:28:7:28:Infinity:29:8:69:Infinity":2,"b:30:35:30:52:30:52:30:Infinity":3,"b:32:32:32:49:32:49:32:Infinity":4,"f:50:25:50:31":3,"s:50:31:50:Infinity":14,"f:56:25:56:31":4,"s:56:31:56:Infinity":15,"f:62:25:62:31":5,"s:62:31:62:Infinity":16}}}
,"C:\\Users\\Gabriele\\Documents\\Gabriele\\Kyrvyn Ltd\\website\\Kyrvyn_Ltd\\src\\components\\ui\\GlassCard.tsx": {"path":"C:\\Users\\Gabriele\\Documents\\Gabriele\\Kyrvyn Ltd\\website\\Kyrvyn_Ltd\\src\\components\\ui\\GlassCard.tsx","statementMap":{"0":{"start":{"line":9,"column":2},"end":{"line":14,"column":null}}},"fnMap":{"0":{"name":"GlassCard","decl":{"start":{"line":8,"column":16},"end":{"line":8,"column":26}},"loc":{"start":{"line":8,"column":72},"end":{"line":16,"column":null}},"line":8}},"branchMap":{"0":{"loc":{"start":{"line":8,"column":38},"end":{"line":8,"column":53}},"type":"default-arg","locations":[{"start":{"line":8,"column":50},"end":{"line":8,"column":53}}],"line":8}},"s":{"0":72},"f":{"0":72},"b":{"0":[72]},"meta":{"lastBranch":1,"lastFunction":1,"lastStatement":1,"seen":{"f:8:16:8:26":0,"b:8:50:8:53":0,"s:9:2:14:Infinity":0}}}
,"C:\\Users\\Gabriele\\Documents\\Gabriele\\Kyrvyn Ltd\\website\\Kyrvyn_Ltd\\src\\components\\ui\\SectionHeading.tsx": {"path":"C:\\Users\\Gabriele\\Documents\\Gabriele\\Kyrvyn Ltd\\website\\Kyrvyn_Ltd\\src\\components\\ui\\SectionHeading.tsx","statementMap":{"0":{"start":{"line":12,"column":2},"end":{"line":20,"column":null}},"1":{"start":{"line":25,"column":38},"end":{"line":25,"column":null}},"2":{"start":{"line":26,"column":2},"end":{"line":26,"column":null}}},"fnMap":{"0":{"name":"SectionHeading","decl":{"start":{"line":3,"column":16},"end":{"line":3,"column":31}},"loc":{"start":{"line":11,"column":3},"end":{"line":22,"column":null}},"line":11},"1":{"name":"SectionDivider","decl":{"start":{"line":24,"column":16},"end":{"line":24,"column":31}},"loc":{"start":{"line":24,"column":61},"end":{"line":27,"column":null}},"line":24}},"branchMap":{"0":{"loc":{"start":{"line":6,"column":2},"end":{"line":6,"column":null}},"type":"default-arg","locations":[{"start":{"line":6,"column":14},"end":{"line":6,"column":null}}],"line":6},"1":{"loc":{"start":{"line":17,"column":7},"end":{"line":18,"column":null}},"type":"binary-expr","locations":[{"start":{"line":17,"column":7},"end":{"line":17,"column":null}},{"start":{"line":18,"column":8},"end":{"line":18,"column":null}}],"line":17},"2":{"loc":{"start":{"line":25,"column":10},"end":{"line":25,"column":26}},"type":"default-arg","locations":[{"start":{"line":25,"column":22},"end":{"line":25,"column":26}}],"line":25}},"s":{"0":1,"1":1,"2":1},"f":{"0":1,"1":1},"b":{"0":[1],"1":[1,1],"2":[1]},"meta":{"lastBranch":3,"lastFunction":2,"lastStatement":3,"seen":{"f:3:16:3:31":0,"b:6:14:6:Infinity":0,"s:12:2:20:Infinity":0,"b:17:7:17:Infinity:18:8:18:Infinity":1,"f:24:16:24:31":1,"s:25:38:25:Infinity":1,"b:25:22:25:26":2,"s:26:2:26:Infinity":2}}}
,"C:\\Users\\Gabriele\\Documents\\Gabriele\\Kyrvyn Ltd\\website\\Kyrvyn_Ltd\\src\\components\\ui\\ThemeToggle.tsx": {"path":"C:\\Users\\Gabriele\\Documents\\Gabriele\\Kyrvyn Ltd\\website\\Kyrvyn_Ltd\\src\\components\\ui\\ThemeToggle.tsx","statementMap":{"0":{"start":{"line":5,"column":0},"end":{"line":5,"column":null}},"1":{"start":{"line":8,"column":26},"end":{"line":8,"column":null}},"2":{"start":{"line":9,"column":28},"end":{"line":9,"column":null}},"3":{"start":{"line":11,"column":2},"end":{"line":13,"column":null}},"4":{"start":{"line":12,"column":4},"end":{"line":12,"column":null}},"5":{"start":{"line":15,"column":2},"end":{"line":17,"column":null}},"6":{"start":{"line":16,"column":4},"end":{"line":16,"column":null}},"7":{"start":{"line":19,"column":2},"end":{"line":30,"column":null}},"8":{"start":{"line":21,"column":21},"end":{"line":21,"column":null}}},"fnMap":{"0":{"name":"ThemeToggle","decl":{"start":{"line":7,"column":16},"end":{"line":7,"column":30}},"loc":{"start":{"line":7,"column":30},"end":{"line":32,"column":null}},"line":7},"1":{"name":"(anonymous_1)","decl":{"start":{"line":11,"column":12},"end":{"line":11,"column":18}},"loc":{"start":{"line":11,"column":18},"end":{"line":13,"column":5}},"line":11},"2":{"name":"(anonymous_2)","decl":{"start":{"line":21,"column":15},"end":{"line":21,"column":21}},"loc":{"start":{"line":21,"column":21},"end":{"line":21,"column":null}},"line":21}},"branchMap":{"0":{"loc":{"start":{"line":15,"column":2},"end":{"line":17,"column":null}},"type":"if","locations":[{"start":{"line":15,"column":2},"end":{"line":17,"column":null}},{"start":{},"end":{}}],"line":15},"1":{"loc":{"start":{"line":21,"column":30},"end":{"line":21,"column":65}},"type":"cond-expr","locations":[{"start":{"line":21,"column":49},"end":{"line":21,"column":59}},{"start":{"line":21,"column":59},"end":{"line":21,"column":65}}],"line":21},"2":{"loc":{"start":{"line":25,"column":7},"end":{"line":28,"column":null}},"type":"cond-expr","locations":[{"start":{"line":26,"column":8},"end":{"line":26,"column":null}},{"start":{"line":28,"column":8},"end":{"line":28,"column":null}}],"line":25}},"s":{"0":1,"1":4,"2":4,"3":4,"4":2,"5":4,"6":2,"7":2,"8":2},"f":{"0":4,"1":2,"2":2},"b":{"0":[2,2],"1":[1,1],"2":[1,1]},"meta":{"lastBranch":3,"lastFunction":3,"lastStatement":9,"seen":{"s:5:0:5:Infinity":0,"f:7:16:7:30":0,"s:8:26:8:Infinity":1,"s:9:28:9:Infinity":2,"s:11:2:13:Infinity":3,"f:11:12:11:18":1,"s:12:4:12:Infinity":4,"b:15:2:17:Infinity:undefined:undefined:undefined:undefined":0,"s:15:2:17:Infinity":5,"s:16:4:16:Infinity":6,"s:19:2:30:Infinity":7,"f:21:15:21:21":2,"s:21:21:21:Infinity":8,"b:21:49:21:59:21:59:21:65":1,"b:26:8:26:Infinity:28:8:28:Infinity":2}}}
,"C:\\Users\\Gabriele\\Documents\\Gabriele\\Kyrvyn Ltd\\website\\Kyrvyn_Ltd\\src\\lib\\caseStudies.ts": {"path":"C:\\Users\\Gabriele\\Documents\\Gabriele\\Kyrvyn Ltd\\website\\Kyrvyn_Ltd\\src\\lib\\caseStudies.ts","statementMap":{"0":{"start":{"line":13,"column":40},"end":{"line":65,"column":null}}},"fnMap":{},"branchMap":{},"s":{"0":1},"f":{},"b":{},"meta":{"lastBranch":0,"lastFunction":0,"lastStatement":1,"seen":{"s:13:40:65:Infinity":0}}}
}
