{"C:\\Users\\Gabriele\\Documents\\Gabriele\\Kyrvyn Ltd\\website\\Kyrvyn_Ltd\\src\\components\\forms\\NewsletterForm.tsx": {"path":"C:\\Users\\Gabriele\\Documents\\Gabriele\\Kyrvyn Ltd\\website\\Kyrvyn_Ltd\\src\\components\\forms\\NewsletterForm.tsx","statementMap":{"0":{"start":{"line":1,"column":0},"end":{"line":1,"column":null}},"1":{"start":{"line":15,"column":16},"end":{"line":15,"column":null}},"2":{"start":{"line":16,"column":17},"end":{"line":16,"column":null}},"3":{"start":{"line":17,"column":25},"end":{"line":17,"column":null}},"4":{"start":{"line":18,"column":8},"end":{"line":18,"column":null}},"5":{"start":{"line":21,"column":4},"end":{"line":21,"column":null}},"6":{"start":{"line":22,"column":4},"end":{"line":22,"column":null}},"7":{"start":{"line":24,"column":4},"end":{"line":49,"column":null}},"8":{"start":{"line":25,"column":6},"end":{"line":37,"column":null}},"9":{"start":{"line":26,"column":8},"end":{"line":29,"column":null}},"10":{"start":{"line":27,"column":10},"end":{"line":27,"column":null}},"11":{"start":{"line":28,"column":10},"end":{"line":28,"column":null}},"12":{"start":{"line":31,"column":24},"end":{"line":31,"column":null}},"13":{"start":{"line":32,"column":21},"end":{"line":32,"column":null}},"14":{"start":{"line":33,"column":8},"end":{"line":33,"column":null}},"15":{"start":{"line":34,"column":8},"end":{"line":34,"column":null}},"16":{"start":{"line":35,"column":8},"end":{"line":35,"column":null}},"17":{"start":{"line":36,"column":8},"end":{"line":36,"column":null}},"18":{"start":{"line":39,"column":16},"end":{"line":43,"column":null}},"19":{"start":{"line":44,"column":6},"end":{"line":44,"column":null}},"20":{"start":{"line":44,"column":17},"end":{"line":44,"column":null}},"21":{"start":{"line":45,"column":6},"end":{"line":45,"column":null}},"22":{"start":{"line":46,"column":6},"end":{"line":46,"column":null}},"23":{"start":{"line":48,"column":6},"end":{"line":48,"column":null}},"24":{"start":{"line":52,"column":2},"end":{"line":92,"column":null}},"25":{"start":{"line":53,"column":4},"end":{"line":90,"column":null}},"26":{"start":{"line":69,"column":29},"end":{"line":69,"column":null}},"27":{"start":{"line":94,"column":2},"end":{"line":132,"column":null}},"28":{"start":{"line":115,"column":27},"end":{"line":115,"column":null}}},"fnMap":{"0":{"name":"NewsletterForm","decl":{"start":{"line":8,"column":16},"end":{"line":8,"column":31}},"loc":{"start":{"line":14,"column":3},"end":{"line":134,"column":null}},"line":14},"1":{"name":"onSubmit","decl":{"start":{"line":20,"column":17},"end":{"line":20,"column":26}},"loc":{"start":{"line":20,"column":46},"end":{"line":50,"column":null}},"line":20},"2":{"name":"(anonymous_2)","decl":{"start":{"line":69,"column":12},"end":{"line":69,"column":23}},"loc":{"start":{"line":69,"column":29},"end":{"line":69,"column":null}},"line":69},"3":{"name":"(anonymous_3)","decl":{"start":{"line":115,"column":10},"end":{"line":115,"column":21}},"loc":{"start":{"line":115,"column":27},"end":{"line":115,"column":null}},"line":115}},"branchMap":{"0":{"loc":{"start":{"line":9,"column":2},"end":{"line":9,"column":null}},"type":"default-arg","locations":[{"start":{"line":9,"column":12},"end":{"line":9,"column":null}}],"line":9},"1":{"loc":{"start":{"line":10,"column":2},"end":{"line":10,"column":null}},"type":"default-arg","locations":[{"start":{"line":10,"column":14},"end":{"line":10,"column":null}}],"line":10},"2":{"loc":{"start":{"line":18,"column":24},"end":{"line":18,"column":69}},"type":"binary-expr","locations":[{"start":{"line":18,"column":24},"end":{"line":18,"column":65}},{"start":{"line":18,"column":65},"end":{"line":18,"column":69}}],"line":18},"3":{"loc":{"start":{"line":25,"column":6},"end":{"line":37,"column":null}},"type":"if","locations":[{"start":{"line":25,"column":6},"end":{"line":37,"column":null}},{"start":{},"end":{}}],"line":25},"4":{"loc":{"start":{"line":26,"column":8},"end":{"line":29,"column":null}},"type":"if","locations":[{"start":{"line":26,"column":8},"end":{"line":29,"column":null}},{"start":{},"end":{}}],"line":26},"5":{"loc":{"start":{"line":44,"column":6},"end":{"line":44,"column":null}},"type":"if","locations":[{"start":{"line":44,"column":6},"end":{"line":44,"column":null}},{"start":{},"end":{}}],"line":44},"6":{"loc":{"start":{"line":52,"column":2},"end":{"line":92,"column":null}},"type":"if","locations":[{"start":{"line":52,"column":2},"end":{"line":92,"column":null}},{"start":{},"end":{}}],"line":52},"7":{"loc":{"start":{"line":77,"column":13},"end":{"line":77,"column":null}},"type":"cond-expr","locations":[{"start":{"line":77,"column":36},"end":{"line":77,"column":44}},{"start":{"line":77,"column":44},"end":{"line":77,"column":null}}],"line":77},"8":{"loc":{"start":{"line":80,"column":9},"end":{"line":83,"column":null}},"type":"binary-expr","locations":[{"start":{"line":80,"column":9},"end":{"line":80,"column":null}},{"start":{"line":81,"column":10},"end":{"line":83,"column":null}}],"line":80},"9":{"loc":{"start":{"line":85,"column":9},"end":{"line":88,"column":null}},"type":"binary-expr","locations":[{"start":{"line":85,"column":9},"end":{"line":85,"column":null}},{"start":{"line":86,"column":10},"end":{"line":88,"column":null}}],"line":85},"10":{"loc":{"start":{"line":119,"column":11},"end":{"line":119,"column":null}},"type":"cond-expr","locations":[{"start":{"line":119,"column":34},"end":{"line":119,"column":52}},{"start":{"line":119,"column":52},"end":{"line":119,"column":null}}],"line":119},"11":{"loc":{"start":{"line":122,"column":7},"end":{"line":125,"column":null}},"type":"binary-expr","locations":[{"start":{"line":122,"column":7},"end":{"line":122,"column":null}},{"start":{"line":123,"column":8},"end":{"line":125,"column":null}}],"line":122},"12":{"loc":{"start":{"line":127,"column":7},"end":{"line":130,"column":null}},"type":"binary-expr","locations":[{"start":{"line":127,"column":7},"end":{"line":127,"column":null}},{"start":{"line":128,"column":8},"end":{"line":130,"column":null}}],"line":127}},"s":{"0":1,"1":126,"2":126,"3":126,"4":126,"5":6,"6":6,"7":6,"8":6,"9":2,"10":1,"11":1,"12":1,"13":1,"14":1,"15":1,"16":1,"17":1,"18":4,"19":4,"20":2,"21":2,"22":2,"23":2,"24":126,"25":71,"26":61,"27":55,"28":49},"f":{"0":126,"1":6,"2":61,"3":49},"b":{"0":[126],"1":[126],"2":[126,9],"3":[2,4],"4":[1,1],"5":[2,2],"6":[71,55],"7":[2,69],"8":[71,2],"9":[71,2],"10":[2,53],"11":[126,1],"12":[126,1]},"meta":{"lastBranch":13,"lastFunction":4,"lastStatement":29,"seen":{"s:1:0:1:Infinity":0,"f:8:16:8:31":0,"b:9:12:9:Infinity":0,"b:10:14:10:Infinity":1,"s:15:16:15:Infinity":1,"s:16:17:16:Infinity":2,"s:17:25:17:Infinity":3,"s:18:8:18:Infinity":4,"b:18:24:18:65:18:65:18:69":2,"f:20:17:20:26":1,"s:21:4:21:Infinity":5,"s:22:4:22:Infinity":6,"s:24:4:49:Infinity":7,"b:25:6:37:Infinity:undefined:undefined:undefined:undefined":3,"s:25:6:37:Infinity":8,"b:26:8:29:Infinity:undefined:undefined:undefined:undefined":4,"s:26:8:29:Infinity":9,"s:27:10:27:Infinity":10,"s:28:10:28:Infinity":11,"s:31:24:31:Infinity":12,"s:32:21:32:Infinity":13,"s:33:8:33:Infinity":14,"s:34:8:34:Infinity":15,"s:35:8:35:Infinity":16,"s:36:8:36:Infinity":17,"s:39:16:43:Infinity":18,"b:44:6:44:Infinity:undefined:undefined:undefined:undefined":5,"s:44:6:44:Infinity":19,"s:44:17:44:Infinity":20,"s:45:6:45:Infinity":21,"s:46:6:46:Infinity":22,"s:48:6:48:Infinity":23,"b:52:2:92:Infinity:undefined:undefined:undefined:undefined":6,"s:52:2:92:Infinity":24,"s:53:4:90:Infinity":25,"f:69:12:69:23":2,"s:69:29:69:Infinity":26,"b:77:36:77:44:77:44:77:Infinity":7,"b:80:9:80:Infinity:81:10:83:Infinity":8,"b:85:9:85:Infinity:86:10:88:Infinity":9,"s:94:2:132:Infinity":27,"f:115:10:115:21":3,"s:115:27:115:Infinity":28,"b:119:34:119:52:119:52:119:Infinity":10,"b:122:7:122:Infinity:123:8:125:Infinity":11,"b:127:7:127:Infinity:128:8:130:Infinity":12}}}
,"C:\\Users\\Gabriele\\Documents\\Gabriele\\Kyrvyn Ltd\\website\\Kyrvyn_Ltd\\src\\components\\ui\\BackgroundBlocks.tsx": {"path":"C:\\Users\\Gabriele\\Documents\\Gabriele\\Kyrvyn Ltd\\website\\Kyrvyn_Ltd\\src\\components\\ui\\BackgroundBlocks.tsx","statementMap":{"0":{"start":{"line":1,"column":0},"end":{"line":1,"column":null}},"1":{"start":{"line":18,"column":2},"end":{"line":23,"column":null}},"2":{"start":{"line":19,"column":13},"end":{"line":19,"column":null}},"3":{"start":{"line":20,"column":4},"end":{"line":20,"column":null}},"4":{"start":{"line":21,"column":4},"end":{"line":21,"column":null}},"5":{"start":{"line":22,"column":4},"end":{"line":22,"column":null}},"6":{"start":{"line":27,"column":8},"end":{"line":27,"column":null}},"7":{"start":{"line":28,"column":21},"end":{"line":28,"column":null}},"8":{"start":{"line":30,"column":8},"end":{"line":56,"column":null}},"9":{"start":{"line":31,"column":17},"end":{"line":31,"column":null}},"10":{"start":{"line":32,"column":16},"end":{"line":32,"column":null}},"11":{"start":{"line":33,"column":18},"end":{"line":33,"column":null}},"12":{"start":{"line":35,"column":4},"end":{"line":55,"column":null}},"13":{"start":{"line":36,"column":19},"end":{"line":36,"column":null}},"14":{"start":{"line":37,"column":16},"end":{"line":37,"column":null}},"15":{"start":{"line":38,"column":16},"end":{"line":38,"column":null}},"16":{"start":{"line":39,"column":23},"end":{"line":39,"column":null}},"17":{"start":{"line":40,"column":20},"end":{"line":40,"column":null}},"18":{"start":{"line":41,"column":22},"end":{"line":41,"column":null}},"19":{"start":{"line":42,"column":19},"end":{"line":42,"column":null}},"20":{"start":{"line":43,"column":18},"end":{"line":43,"column":null}},"21":{"start":{"line":44,"column":6},"end":{"line":54,"column":null}},"22":{"start":{"line":58,"column":2},"end":{"line":107,"column":null}},"23":{"start":{"line":59,"column":15},"end":{"line":59,"column":null}},"24":{"start":{"line":60,"column":4},"end":{"line":60,"column":null}},"25":{"start":{"line":60,"column":13},"end":{"line":60,"column":null}},"26":{"start":{"line":62,"column":14},"end":{"line":62,"column":null}},"27":{"start":{"line":63,"column":19},"end":{"line":63,"column":null}},"28":{"start":{"line":64,"column":21},"end":{"line":64,"column":null}},"29":{"start":{"line":66,"column":10},"end":{"line":70,"column":null}},"30":{"start":{"line":67,"column":6},"end":{"line":67,"column":null}},"31":{"start":{"line":68,"column":6},"end":{"line":68,"column":null}},"32":{"start":{"line":69,"column":6},"end":{"line":69,"column":null}},"33":{"start":{"line":72,"column":4},"end":{"line":72,"column":null}},"34":{"start":{"line":74,"column":10},"end":{"line":74,"column":null}},"35":{"start":{"line":74,"column":31},"end":{"line":74,"column":null}},"36":{"start":{"line":74,"column":52},"end":{"line":74,"column":57}},"37":{"start":{"line":75,"column":10},"end":{"line":77,"column":null}},"38":{"start":{"line":76,"column":6},"end":{"line":76,"column":null}},"39":{"start":{"line":76,"column":50},"end":{"line":76,"column":null}},"40":{"start":{"line":79,"column":10},"end":{"line":79,"column":null}},"41":{"start":{"line":79,"column":26},"end":{"line":79,"column":null}},"42":{"start":{"line":80,"column":10},"end":{"line":80,"column":null}},"43":{"start":{"line":80,"column":27},"end":{"line":80,"column":null}},"44":{"start":{"line":82,"column":22},"end":{"line":94,"column":null}},"45":{"start":{"line":83,"column":6},"end":{"line":83,"column":null}},"46":{"start":{"line":83,"column":50},"end":{"line":83,"column":null}},"47":{"start":{"line":84,"column":18},"end":{"line":84,"column":null}},"48":{"start":{"line":85,"column":6},"end":{"line":89,"column":null}},"49":{"start":{"line":86,"column":8},"end":{"line":86,"column":null}},"50":{"start":{"line":87,"column":8},"end":{"line":87,"column":null}},"51":{"start":{"line":88,"column":8},"end":{"line":88,"column":null}},"52":{"start":{"line":90,"column":6},"end":{"line":93,"column":null}},"53":{"start":{"line":91,"column":8},"end":{"line":91,"column":null}},"54":{"start":{"line":92,"column":8},"end":{"line":92,"column":null}},"55":{"start":{"line":96,"column":4},"end":{"line":96,"column":null}},"56":{"start":{"line":97,"column":4},"end":{"line":97,"column":null}},"57":{"start":{"line":98,"column":4},"end":{"line":98,"column":null}},"58":{"start":{"line":100,"column":4},"end":{"line":106,"column":null}},"59":{"start":{"line":101,"column":6},"end":{"line":101,"column":null}},"60":{"start":{"line":102,"column":6},"end":{"line":102,"column":null}},"61":{"start":{"line":103,"column":6},"end":{"line":103,"column":null}},"62":{"start":{"line":104,"column":6},"end":{"line":104,"column":null}},"63":{"start":{"line":105,"column":6},"end":{"line":105,"column":null}},"64":{"start":{"line":109,"column":2},"end":{"line":128,"column":null}},"65":{"start":{"line":112,"column":8},"end":{"line":126,"column":null}}},"fnMap":{"0":{"name":"mulberry32","decl":{"start":{"line":17,"column":9},"end":{"line":17,"column":20}},"loc":{"start":{"line":17,"column":34},"end":{"line":24,"column":null}},"line":17},"1":{"name":"(anonymous_1)","decl":{"start":{"line":18,"column":9},"end":{"line":18,"column":21}},"loc":{"start":{"line":18,"column":21},"end":{"line":23,"column":null}},"line":18},"2":{"name":"BackgroundBlocks","decl":{"start":{"line":26,"column":24},"end":{"line":26,"column":43}},"loc":{"start":{"line":26,"column":43},"end":{"line":130,"column":null}},"line":26},"3":{"name":"(anonymous_3)","decl":{"start":{"line":30,"column":17},"end":{"line":30,"column":40}},"loc":{"start":{"line":30,"column":40},"end":{"line":56,"column":5}},"line":30},"4":{"name":"(anonymous_4)","decl":{"start":{"line":35,"column":41},"end":{"line":35,"column":46}},"loc":{"start":{"line":35,"column":55},"end":{"line":55,"column":5}},"line":35},"5":{"name":"(anonymous_5)","decl":{"start":{"line":58,"column":2},"end":{"line":58,"column":18}},"loc":{"start":{"line":58,"column":18},"end":{"line":107,"column":5}},"line":58},"6":{"name":"(anonymous_6)","decl":{"start":{"line":66,"column":10},"end":{"line":66,"column":18}},"loc":{"start":{"line":66,"column":32},"end":{"line":70,"column":null}},"line":66},"7":{"name":"(anonymous_7)","decl":{"start":{"line":74,"column":10},"end":{"line":74,"column":31}},"loc":{"start":{"line":74,"column":31},"end":{"line":74,"column":null}},"line":74},"8":{"name":"(anonymous_8)","decl":{"start":{"line":74,"column":31},"end":{"line":74,"column":46}},"loc":{"start":{"line":74,"column":52},"end":{"line":74,"column":57}},"line":74},"9":{"name":"(anonymous_9)","decl":{"start":{"line":75,"column":10},"end":{"line":75,"column":37}},"loc":{"start":{"line":75,"column":37},"end":{"line":77,"column":null}},"line":75},"10":{"name":"(anonymous_10)","decl":{"start":{"line":79,"column":10},"end":{"line":79,"column":26}},"loc":{"start":{"line":79,"column":26},"end":{"line":79,"column":null}},"line":79},"11":{"name":"(anonymous_11)","decl":{"start":{"line":80,"column":10},"end":{"line":80,"column":27}},"loc":{"start":{"line":80,"column":27},"end":{"line":80,"column":null}},"line":80},"12":{"name":"(anonymous_12)","decl":{"start":{"line":82,"column":29},"end":{"line":82,"column":47}},"loc":{"start":{"line":82,"column":47},"end":{"line":94,"column":7}},"line":82},"13":{"name":"(anonymous_13)","decl":{"start":{"line":100,"column":4},"end":{"line":100,"column":17}},"loc":{"start":{"line":100,"column":17},"end":{"line":106,"column":null}},"line":100},"14":{"name":"(anonymous_14)","decl":{"start":{"line":111,"column":14},"end":{"line":111,"column":19}},"loc":{"start":{"line":112,"column":8},"end":{"line":126,"column":null}},"line":112}},"branchMap":{"0":{"loc":{"start":{"line":60,"column":4},"end":{"line":60,"column":null}},"type":"if","locations":[{"start":{"line":60,"column":4},"end":{"line":60,"column":null}},{"start":{},"end":{}}],"line":60},"1":{"loc":{"start":{"line":76,"column":6},"end":{"line":76,"column":null}},"type":"if","locations":[{"start":{"line":76,"column":6},"end":{"line":76,"column":null}},{"start":{},"end":{}}],"line":76},"2":{"loc":{"start":{"line":83,"column":6},"end":{"line":83,"column":null}},"type":"if","locations":[{"start":{"line":83,"column":6},"end":{"line":83,"column":null}},{"start":{},"end":{}}],"line":83},"3":{"loc":{"start":{"line":85,"column":6},"end":{"line":89,"column":null}},"type":"if","locations":[{"start":{"line":85,"column":6},"end":{"line":89,"column":null}},{"start":{},"end":{}}],"line":85},"4":{"loc":{"start":{"line":90,"column":6},"end":{"line":93,"column":null}},"type":"if","locations":[{"start":{"line":90,"column":6},"end":{"line":93,"column":null}},{"start":{},"end":{}}],"line":90}},"s":{"0":1,"1":15,"2":3360,"3":3360,"4":3360,"5":3360,"6":15,"7":15,"8":15,"9":15,"10":15,"11":15,"12":15,"13":420,"14":420,"15":420,"16":420,"17":420,"18":420,"19":420,"20":420,"21":420,"22":15,"23":15,"24":15,"25":0,"26":15,"27":15,"28":15,"29":15,"30":1936,"31":1936,"32":1936,"33":15,"34":15,"35":8,"36":7,"37":15,"38":2,"39":1,"40":15,"41":1,"42":15,"43":1,"44":15,"45":26,"46":5,"47":21,"48":21,"49":4,"50":4,"51":4,"52":17,"53":1,"54":1,"55":15,"56":15,"57":15,"58":15,"59":15,"60":15,"61":15,"62":15,"63":15,"64":15,"65":420},"f":{"0":15,"1":3360,"2":15,"3":15,"4":420,"5":15,"6":1936,"7":8,"8":7,"9":2,"10":1,"11":1,"12":26,"13":15,"14":420},"b":{"0":[0,15],"1":[1,1],"2":[5,21],"3":[4,17],"4":[1,16]},"meta":{"lastBranch":5,"lastFunction":15,"lastStatement":66,"seen":{"s:1:0:1:Infinity":0,"f:17:9:17:20":0,"s:18:2:23:Infinity":1,"f:18:9:18:21":1,"s:19:13:19:Infinity":2,"s:20:4:20:Infinity":3,"s:21:4:21:Infinity":4,"s:22:4:22:Infinity":5,"f:26:24:26:43":2,"s:27:8:27:Infinity":6,"s:28:21:28:Infinity":7,"s:30:8:56:Infinity":8,"f:30:17:30:40":3,"s:31:17:31:Infinity":9,"s:32:16:32:Infinity":10,"s:33:18:33:Infinity":11,"s:35:4:55:Infinity":12,"f:35:41:35:46":4,"s:36:19:36:Infinity":13,"s:37:16:37:Infinity":14,"s:38:16:38:Infinity":15,"s:39:23:39:Infinity":16,"s:40:20:40:Infinity":17,"s:41:22:41:Infinity":18,"s:42:19:42:Infinity":19,"s:43:18:43:Infinity":20,"s:44:6:54:Infinity":21,"s:58:2:107:Infinity":22,"f:58:2:58:18":5,"s:59:15:59:Infinity":23,"b:60:4:60:Infinity:undefined:undefined:undefined:undefined":0,"s:60:4:60:Infinity":24,"s:60:13:60:Infinity":25,"s:62:14:62:Infinity":26,"s:63:19:63:Infinity":27,"s:64:21:64:Infinity":28,"s:66:10:70:Infinity":29,"f:66:10:66:18":6,"s:67:6:67:Infinity":30,"s:68:6:68:Infinity":31,"s:69:6:69:Infinity":32,"s:72:4:72:Infinity":33,"s:74:10:74:Infinity":34,"f:74:10:74:31":7,"s:74:31:74:Infinity":35,"f:74:31:74:46":8,"s:74:52:74:57":36,"s:75:10:77:Infinity":37,"f:75:10:75:37":9,"b:76:6:76:Infinity:undefined:undefined:undefined:undefined":1,"s:76:6:76:Infinity":38,"s:76:50:76:Infinity":39,"s:79:10:79:Infinity":40,"f:79:10:79:26":10,"s:79:26:79:Infinity":41,"s:80:10:80:Infinity":42,"f:80:10:80:27":11,"s:80:27:80:Infinity":43,"s:82:22:94:Infinity":44,"f:82:29:82:47":12,"b:83:6:83:Infinity:undefined:undefined:undefined:undefined":2,"s:83:6:83:Infinity":45,"s:83:50:83:Infinity":46,"s:84:18:84:Infinity":47,"b:85:6:89:Infinity:undefined:undefined:undefined:undefined":3,"s:85:6:89:Infinity":48,"s:86:8:86:Infinity":49,"s:87:8:87:Infinity":50,"s:88:8:88:Infinity":51,"b:90:6:93:Infinity:undefined:undefined:undefined:undefined":4,"s:90:6:93:Infinity":52,"s:91:8:91:Infinity":53,"s:92:8:92:Infinity":54,"s:96:4:96:Infinity":55,"s:97:4:97:Infinity":56,"s:98:4:98:Infinity":57,"s:100:4:106:Infinity":58,"f:100:4:100:17":13,"s:101:6:101:Infinity":59,"s:102:6:102:Infinity":60,"s:103:6:103:Infinity":61,"s:104:6:104:Infinity":62,"s:105:6:105:Infinity":63,"s:109:2:128:Infinity":64,"f:111:14:111:19":14,"s:112:8:126:Infinity":65}}}
,"C:\\Users\\Gabriele\\Documents\\Gabriele\\Kyrvyn Ltd\\website\\Kyrvyn_Ltd\\src\\components\\ui\\Badge.tsx": {"path":"C:\\Users\\Gabriele\\Documents\\Gabriele\\Kyrvyn Ltd\\website\\Kyrvyn_Ltd\\src\\components\\ui\\Badge.tsx","statementMap":{"0":{"start":{"line":11,"column":4},"end":{"line":17,"column":null}},"1":{"start":{"line":19,"column":2},"end":{"line":23,"column":null}}},"fnMap":{"0":{"name":"Badge","decl":{"start":{"line":5,"column":16},"end":{"line":5,"column":22}},"loc":{"start":{"line":9,"column":56},"end":{"line":25,"column":null}},"line":9}},"branchMap":{"0":{"loc":{"start":{"line":6,"column":2},"end":{"line":6,"column":null}},"type":"default-arg","locations":[{"start":{"line":6,"column":14},"end":{"line":6,"column":null}}],"line":6},"1":{"loc":{"start":{"line":7,"column":2},"end":{"line":7,"column":null}},"type":"default-arg","locations":[{"start":{"line":7,"column":12},"end":{"line":7,"column":null}}],"line":7},"2":{"loc":{"start":{"line":11,"column":4},"end":{"line":17,"column":null}},"type":"cond-expr","locations":[{"start":{"line":12,"column":8},"end":{"line":12,"column":null}},{"start":{"line":13,"column":8},"end":{"line":17,"column":null}}],"line":11},"3":{"loc":{"start":{"line":13,"column":8},"end":{"line":17,"column":null}},"type":"cond-expr","locations":[{"start":{"line":14,"column":10},"end":{"line":14,"column":null}},{"start":{"line":15,"column":10},"end":{"line":17,"column":null}}],"line":13},"4":{"loc":{"start":{"line":15,"column":10},"end":{"line":17,"column":null}},"type":"cond-expr","locations":[{"start":{"line":16,"column":12},"end":{"line":16,"column":null}},{"start":{"line":17,"column":12},"end":{"line":17,"column":null}}],"line":15}},"s":{"0":4,"1":4},"f":{"0":4},"b":{"0":[4],"1":[4],"2":[1,3],"3":[1,2],"4":[1,1]},"meta":{"lastBranch":5,"lastFunction":1,"lastStatement":2,"seen":{"f:5:16:5:22":0,"b:6:14:6:Infinity":0,"b:7:12:7:Infinity":1,"s:11:4:17:Infinity":0,"b:12:8:12:Infinity:13:8:17:Infinity":2,"b:14:10:14:Infinity:15:10:17:Infinity":3,"b:16:12:16:Infinity:17:12:17:Infinity":4,"s:19:2:23:Infinity":1}}}
,"C:\\Users\\Gabriele\\Documents\\Gabriele\\Kyrvyn Ltd\\website\\Kyrvyn_Ltd\\src\\components\\ui\\Button.tsx": {"path":"C:\\Users\\Gabriele\\Documents\\Gabriele\\Kyrvyn Ltd\\website\\Kyrvyn_Ltd\\src\\components\\ui\\Button.tsx","statementMap":{"0":{"start":{"line":21,"column":2},"end":{"line":29,"column":null}},"1":{"start":{"line":23,"column":6},"end":{"line":23,"column":null}},"2":{"start":{"line":25,"column":6},"end":{"line":25,"column":null}},"3":{"start":{"line":28,"column":6},"end":{"line":28,"column":null}},"4":{"start":{"line":33,"column":2},"end":{"line":41,"column":null}},"5":{"start":{"line":35,"column":6},"end":{"line":35,"column":null}},"6":{"start":{"line":37,"column":6},"end":{"line":37,"column":null}},"7":{"start":{"line":40,"column":6},"end":{"line":40,"column":null}},"8":{"start":{"line":51,"column":2},"end":{"line":56,"column":null}},"9":{"start":{"line":66,"column":2},"end":{"line":70,"column":null}}},"fnMap":{"0":{"name":"variantClasses","decl":{"start":{"line":20,"column":9},"end":{"line":20,"column":24}},"loc":{"start":{"line":20,"column":48},"end":{"line":30,"column":null}},"line":20},"1":{"name":"sizeClasses","decl":{"start":{"line":32,"column":9},"end":{"line":32,"column":21}},"loc":{"start":{"line":32,"column":39},"end":{"line":42,"column":null}},"line":32},"2":{"name":"Button","decl":{"start":{"line":44,"column":16},"end":{"line":44,"column":23}},"loc":{"start":{"line":50,"column":16},"end":{"line":58,"column":null}},"line":50},"3":{"name":"ButtonLink","decl":{"start":{"line":60,"column":16},"end":{"line":60,"column":27}},"loc":{"start":{"line":65,"column":20},"end":{"line":72,"column":null}},"line":65}},"branchMap":{"0":{"loc":{"start":{"line":21,"column":2},"end":{"line":29,"column":null}},"type":"switch","locations":[{"start":{"line":22,"column":4},"end":{"line":23,"column":null}},{"start":{"line":24,"column":4},"end":{"line":25,"column":null}},{"start":{"line":26,"column":4},"end":{"line":26,"column":null}},{"start":{"line":27,"column":4},"end":{"line":28,"column":null}}],"line":21},"1":{"loc":{"start":{"line":33,"column":2},"end":{"line":41,"column":null}},"type":"switch","locations":[{"start":{"line":34,"column":4},"end":{"line":35,"column":null}},{"start":{"line":36,"column":4},"end":{"line":37,"column":null}},{"start":{"line":38,"column":4},"end":{"line":38,"column":null}},{"start":{"line":39,"column":4},"end":{"line":40,"column":null}}],"line":33},"2":{"loc":{"start":{"line":45,"column":2},"end":{"line":45,"column":null}},"type":"default-arg","locations":[{"start":{"line":45,"column":12},"end":{"line":45,"column":null}}],"line":45},"3":{"loc":{"start":{"line":46,"column":2},"end":{"line":46,"column":null}},"type":"default-arg","locations":[{"start":{"line":46,"column":9},"end":{"line":46,"column":null}}],"line":46},"4":{"loc":{"start":{"line":47,"column":2},"end":{"line":47,"column":null}},"type":"default-arg","locations":[{"start":{"line":47,"column":14},"end":{"line":47,"column":null}}],"line":47},"5":{"loc":{"start":{"line":48,"column":2},"end":{"line":48,"column":null}},"type":"default-arg","locations":[{"start":{"line":48,"column":9},"end":{"line":48,"column":null}}],"line":48},"6":{"loc":{"start":{"line":61,"column":2},"end":{"line":61,"column":null}},"type":"default-arg","locations":[{"start":{"line":61,"column":12},"end":{"line":61,"column":null}}],"line":61},"7":{"loc":{"start":{"line":62,"column":2},"end":{"line":62,"column":null}},"type":"default-arg","locations":[{"start":{"line":62,"column":9},"end":{"line":62,"column":null}}],"line":62},"8":{"loc":{"start":{"line":63,"column":2},"end":{"line":63,"column":null}},"type":"default-arg","locations":[{"start":{"line":63,"column":14},"end":{"line":63,"column":null}}],"line":63}},"s":{"0":127,"1":52,"2":16,"3":59,"4":127,"5":16,"6":55,"7":56,"8":123,"9":4},"f":{"0":127,"1":127,"2":123,"3":4},"b":{"0":[52,16,59,59],"1":[16,55,56,56],"2":[123],"3":[123],"4":[123],"5":[123],"6":[4],"7":[4],"8":[4]},"meta":{"lastBranch":9,"lastFunction":4,"lastStatement":10,"seen":{"f:20:9:20:24":0,"b:22:4:23:Infinity:24:4:25:Infinity:26:4:26:Infinity:27:4:28:Infinity":0,"s:21:2:29:Infinity":0,"s:23:6:23:Infinity":1,"s:25:6:25:Infinity":2,"s:28:6:28:Infinity":3,"f:32:9:32:21":1,"b:34:4:35:Infinity:36:4:37:Infinity:38:4:38:Infinity:39:4:40:Infinity":1,"s:33:2:41:Infinity":4,"s:35:6:35:Infinity":5,"s:37:6:37:Infinity":6,"s:40:6:40:Infinity":7,"f:44:16:44:23":2,"b:45:12:45:Infinity":2,"b:46:9:46:Infinity":3,"b:47:14:47:Infinity":4,"b:48:9:48:Infinity":5,"s:51:2:56:Infinity":8,"f:60:16:60:27":3,"b:61:12:61:Infinity":6,"b:62:9:62:Infinity":7,"b:63:14:63:Infinity":8,"s:66:2:70:Infinity":9}}}
,"C:\\Users\\Gabriele\\Documents\\Gabriele\\Kyrvyn Ltd\\website\\Kyrvyn_Ltd\\src\\components\\ui\\CookieBanner.tsx": {"path":"C:\\Users\\Gabriele\\Documents\\Gabriele\\Kyrvyn Ltd\\website\\Kyrvyn_Ltd\\src\\components\\ui\\CookieBanner.tsx","statementMap":{"0":{"start":{"line":1,"column":0},"end":{"line":1,"column":null}},"1":{"start":{"line":8,"column":8},"end":{"line":8,"column":null}},"2":{"start":{"line":9,"column":20},"end":{"line":9,"column":null}},"3":{"start":{"line":10,"column":8},"end":{"line":10,"column":null}},"4":{"start":{"line":12,"column":2},"end":{"line":17,"column":null}},"5":{"start":{"line":13,"column":20},"end":{"line":13,"column":null}},"6":{"start":{"line":14,"column":4},"end":{"line":16,"column":null}},"7":{"start":{"line":15,"column":6},"end":{"line":15,"column":null}},"8":{"start":{"line":19,"column":8},"end":{"line":22,"column":null}},"9":{"start":{"line":20,"column":4},"end":{"line":20,"column":null}},"10":{"start":{"line":21,"column":4},"end":{"line":21,"column":null}},"11":{"start":{"line":24,"column":2},"end":{"line":24,"column":null}},"12":{"start":{"line":24,"column":38},"end":{"line":24,"column":null}},"13":{"start":{"line":26,"column":2},"end":{"line":71,"column":null}},"14":{"start":{"line":50,"column":31},"end":{"line":50,"column":null}},"15":{"start":{"line":56,"column":31},"end":{"line":56,"column":null}},"16":{"start":{"line":62,"column":31},"end":{"line":62,"column":null}}},"fnMap":{"0":{"name":"CookieBanner","decl":{"start":{"line":7,"column":16},"end":{"line":7,"column":31}},"loc":{"start":{"line":7,"column":31},"end":{"line":73,"column":null}},"line":7},"1":{"name":"(anonymous_1)","decl":{"start":{"line":12,"column":2},"end":{"line":12,"column":18}},"loc":{"start":{"line":12,"column":18},"end":{"line":17,"column":5}},"line":12},"2":{"name":"(anonymous_2)","decl":{"start":{"line":19,"column":8},"end":{"line":19,"column":25}},"loc":{"start":{"line":19,"column":55},"end":{"line":22,"column":null}},"line":19},"3":{"name":"(anonymous_3)","decl":{"start":{"line":50,"column":16},"end":{"line":50,"column":31}},"loc":{"start":{"line":50,"column":31},"end":{"line":50,"column":null}},"line":50},"4":{"name":"(anonymous_4)","decl":{"start":{"line":56,"column":16},"end":{"line":56,"column":31}},"loc":{"start":{"line":56,"column":31},"end":{"line":56,"column":null}},"line":56},"5":{"name":"(anonymous_5)","decl":{"start":{"line":62,"column":16},"end":{"line":62,"column":31}},"loc":{"start":{"line":62,"column":31},"end":{"line":62,"column":null}},"line":62}},"branchMap":{"0":{"loc":{"start":{"line":14,"column":4},"end":{"line":16,"column":null}},"type":"if","locations":[{"start":{"line":14,"column":4},"end":{"line":16,"column":null}},{"start":{},"end":{}}],"line":14},"1":{"loc":{"start":{"line":24,"column":2},"end":{"line":24,"column":null}},"type":"if","locations":[{"start":{"line":24,"column":2},"end":{"line":24,"column":null}},{"start":{},"end":{}}],"line":24},"2":{"loc":{"start":{"line":28,"column":7},"end":{"line":71,"column":null}},"type":"binary-expr","locations":[{"start":{"line":28,"column":7},"end":{"line":28,"column":null}},{"start":{"line":29,"column":8},"end":{"line":71,"column":null}}],"line":28},"3":{"loc":{"start":{"line":30,"column":19},"end":{"line":30,"column":null}},"type":"cond-expr","locations":[{"start":{"line":30,"column":35},"end":{"line":30,"column":52}},{"start":{"line":30,"column":52},"end":{"line":30,"column":null}}],"line":30},"4":{"loc":{"start":{"line":32,"column":16},"end":{"line":32,"column":null}},"type":"cond-expr","locations":[{"start":{"line":32,"column":32},"end":{"line":32,"column":49}},{"start":{"line":32,"column":49},"end":{"line":32,"column":null}}],"line":32}},"s":{"0":1,"1":14,"2":14,"3":14,"4":14,"5":6,"6":6,"7":5,"8":14,"9":3,"10":3,"11":14,"12":2,"13":12,"14":1,"15":1,"16":1},"f":{"0":14,"1":6,"2":3,"3":1,"4":1,"5":1},"b":{"0":[5,1],"1":[2,12],"2":[12,4],"3":[1,3],"4":[1,3]},"meta":{"lastBranch":5,"lastFunction":6,"lastStatement":17,"seen":{"s:1:0:1:Infinity":0,"f:7:16:7:31":0,"s:8:8:8:Infinity":1,"s:9:20:9:Infinity":2,"s:10:8:10:Infinity":3,"s:12:2:17:Infinity":4,"f:12:2:12:18":1,"s:13:20:13:Infinity":5,"b:14:4:16:Infinity:undefined:undefined:undefined:undefined":0,"s:14:4:16:Infinity":6,"s:15:6:15:Infinity":7,"s:19:8:22:Infinity":8,"f:19:8:19:25":2,"s:20:4:20:Infinity":9,"s:21:4:21:Infinity":10,"b:24:2:24:Infinity:undefined:undefined:undefined:undefined":1,"s:24:2:24:Infinity":11,"s:24:38:24:Infinity":12,"s:26:2:71:Infinity":13,"b:28:7:28:Infinity:29:8:71:Infinity":2,"b:30:35:30:52:30:52:30:Infinity":3,"b:32:32:32:49:32:49:32:Infinity":4,"f:50:16:50:31":3,"s:50:31:50:Infinity":14,"f:56:16:56:31":4,"s:56:31:56:Infinity":15,"f:62:16:62:31":5,"s:62:31:62:Infinity":16}}}
,"C:\\Users\\Gabriele\\Documents\\Gabriele\\Kyrvyn Ltd\\website\\Kyrvyn_Ltd\\src\\components\\ui\\GlassCard.tsx": {"path":"C:\\Users\\Gabriele\\Documents\\Gabriele\\Kyrvyn Ltd\\website\\Kyrvyn_Ltd\\src\\components\\ui\\GlassCard.tsx","statementMap":{"0":{"start":{"line":9,"column":2},"end":{"line":14,"column":null}}},"fnMap":{"0":{"name":"GlassCard","decl":{"start":{"line":8,"column":16},"end":{"line":8,"column":26}},"loc":{"start":{"line":8,"column":72},"end":{"line":16,"column":null}},"line":8}},"branchMap":{"0":{"loc":{"start":{"line":8,"column":38},"end":{"line":8,"column":72}},"type":"default-arg","locations":[{"start":{"line":8,"column":50},"end":{"line":8,"column":72}}],"line":8}},"s":{"0":146},"f":{"0":146},"b":{"0":[146]},"meta":{"lastBranch":1,"lastFunction":1,"lastStatement":1,"seen":{"f:8:16:8:26":0,"b:8:50:8:72":0,"s:9:2:14:Infinity":0}}}
,"C:\\Users\\Gabriele\\Documents\\Gabriele\\Kyrvyn Ltd\\website\\Kyrvyn_Ltd\\src\\components\\ui\\OfferQuiz.tsx": {"path":"C:\\Users\\Gabriele\\Documents\\Gabriele\\Kyrvyn Ltd\\website\\Kyrvyn_Ltd\\src\\components\\ui\\OfferQuiz.tsx","statementMap":{"0":{"start":{"line":1,"column":0},"end":{"line":1,"column":null}},"1":{"start":{"line":26,"column":40},"end":{"line":61,"column":null}},"2":{"start":{"line":63,"column":30},"end":{"line":112,"column":null}},"3":{"start":{"line":115,"column":18},"end":{"line":115,"column":null}},"4":{"start":{"line":116,"column":2},"end":{"line":116,"column":null}},"5":{"start":{"line":116,"column":65},"end":{"line":116,"column":76}},"6":{"start":{"line":117,"column":19},"end":{"line":117,"column":null}},"7":{"start":{"line":118,"column":2},"end":{"line":118,"column":null}},"8":{"start":{"line":122,"column":15},"end":{"line":122,"column":null}},"9":{"start":{"line":123,"column":17},"end":{"line":127,"column":null}},"10":{"start":{"line":129,"column":17},"end":{"line":129,"column":null}},"11":{"start":{"line":130,"column":8},"end":{"line":130,"column":null}},"12":{"start":{"line":130,"column":49},"end":{"line":130,"column":72}},"13":{"start":{"line":131,"column":22},"end":{"line":131,"column":null}},"14":{"start":{"line":133,"column":8},"end":{"line":147,"column":null}},"15":{"start":{"line":134,"column":18},"end":{"line":145,"column":null}},"16":{"start":{"line":146,"column":4},"end":{"line":146,"column":null}},"17":{"start":{"line":149,"column":8},"end":{"line":152,"column":null}},"18":{"start":{"line":150,"column":19},"end":{"line":150,"column":null}},"19":{"start":{"line":151,"column":4},"end":{"line":151,"column":null}},"20":{"start":{"line":155,"column":4},"end":{"line":159,"column":null}},"21":{"start":{"line":155,"column":51},"end":{"line":159,"column":6}},"22":{"start":{"line":160,"column":4},"end":{"line":160,"column":null}},"23":{"start":{"line":160,"column":27},"end":{"line":160,"column":32}},"24":{"start":{"line":164,"column":4},"end":{"line":164,"column":null}},"25":{"start":{"line":165,"column":4},"end":{"line":165,"column":null}},"26":{"start":{"line":168,"column":2},"end":{"line":212,"column":null}},"27":{"start":{"line":169,"column":4},"end":{"line":210,"column":null}},"28":{"start":{"line":184,"column":14},"end":{"line":192,"column":null}},"29":{"start":{"line":214,"column":12},"end":{"line":214,"column":null}},"30":{"start":{"line":216,"column":2},"end":{"line":246,"column":null}},"31":{"start":{"line":234,"column":12},"end":{"line":242,"column":null}},"32":{"start":{"line":236,"column":29},"end":{"line":236,"column":null}}},"fnMap":{"0":{"name":"pickBestOffer","decl":{"start":{"line":114,"column":9},"end":{"line":114,"column":23}},"loc":{"start":{"line":114,"column":67},"end":{"line":119,"column":null}},"line":114},"1":{"name":"(anonymous_1)","decl":{"start":{"line":116,"column":10},"end":{"line":116,"column":16}},"loc":{"start":{"line":116,"column":65},"end":{"line":116,"column":76}},"line":116},"2":{"name":"OfferQuiz","decl":{"start":{"line":121,"column":16},"end":{"line":121,"column":26}},"loc":{"start":{"line":121,"column":70},"end":{"line":248,"column":null}},"line":121},"3":{"name":"(anonymous_3)","decl":{"start":{"line":130,"column":25},"end":{"line":130,"column":49}},"loc":{"start":{"line":130,"column":49},"end":{"line":130,"column":72}},"line":130},"4":{"name":"(anonymous_4)","decl":{"start":{"line":133,"column":16},"end":{"line":133,"column":30}},"loc":{"start":{"line":133,"column":30},"end":{"line":147,"column":5}},"line":133},"5":{"name":"(anonymous_5)","decl":{"start":{"line":149,"column":22},"end":{"line":149,"column":36}},"loc":{"start":{"line":149,"column":36},"end":{"line":152,"column":5}},"line":149},"6":{"name":"answer","decl":{"start":{"line":154,"column":11},"end":{"line":154,"column":18}},"loc":{"start":{"line":154,"column":67},"end":{"line":161,"column":null}},"line":154},"7":{"name":"(anonymous_7)","decl":{"start":{"line":155,"column":4},"end":{"line":155,"column":15}},"loc":{"start":{"line":155,"column":51},"end":{"line":159,"column":6}},"line":155},"8":{"name":"(anonymous_8)","decl":{"start":{"line":160,"column":4},"end":{"line":160,"column":13}},"loc":{"start":{"line":160,"column":27},"end":{"line":160,"column":32}},"line":160},"9":{"name":"restart","decl":{"start":{"line":163,"column":11},"end":{"line":163,"column":21}},"loc":{"start":{"line":163,"column":21},"end":{"line":166,"column":null}},"line":163},"10":{"name":"(anonymous_10)","decl":{"start":{"line":183,"column":34},"end":{"line":183,"column":39}},"loc":{"start":{"line":184,"column":14},"end":{"line":192,"column":null}},"line":184},"11":{"name":"(anonymous_11)","decl":{"start":{"line":233,"column":21},"end":{"line":233,"column":26}},"loc":{"start":{"line":234,"column":12},"end":{"line":242,"column":null}},"line":234},"12":{"name":"(anonymous_12)","decl":{"start":{"line":236,"column":14},"end":{"line":236,"column":29}},"loc":{"start":{"line":236,"column":29},"end":{"line":236,"column":null}},"line":236}},"branchMap":{"0":{"loc":{"start":{"line":121,"column":28},"end":{"line":121,"column":70}},"type":"default-arg","locations":[{"start":{"line":121,"column":40},"end":{"line":121,"column":70}}],"line":121},"1":{"loc":{"start":{"line":156,"column":31},"end":{"line":156,"column":null}},"type":"binary-expr","locations":[{"start":{"line":156,"column":31},"end":{"line":156,"column":55}},{"start":{"line":156,"column":55},"end":{"line":156,"column":null}}],"line":156},"2":{"loc":{"start":{"line":157,"column":37},"end":{"line":157,"column":null}},"type":"binary-expr","locations":[{"start":{"line":157,"column":37},"end":{"line":157,"column":64}},{"start":{"line":157,"column":64},"end":{"line":157,"column":null}}],"line":157},"3":{"loc":{"start":{"line":158,"column":29},"end":{"line":158,"column":null}},"type":"binary-expr","locations":[{"start":{"line":158,"column":29},"end":{"line":158,"column":52}},{"start":{"line":158,"column":52},"end":{"line":158,"column":null}}],"line":158},"4":{"loc":{"start":{"line":168,"column":2},"end":{"line":212,"column":null}},"type":"if","locations":[{"start":{"line":168,"column":2},"end":{"line":212,"column":null}},{"start":{},"end":{}}],"line":168}},"s":{"0":1,"1":1,"2":1,"3":19,"4":19,"5":49,"6":19,"7":19,"8":19,"9":19,"10":19,"11":19,"12":19,"13":19,"14":19,"15":6,"16":6,"17":19,"18":6,"19":6,"20":13,"21":13,"22":13,"23":13,"24":2,"25":2,"26":19,"27":3,"28":9,"29":16,"30":16,"31":48,"32":13},"f":{"0":19,"1":49,"2":19,"3":19,"4":6,"5":6,"6":13,"7":13,"8":13,"9":2,"10":9,"11":48,"12":13},"b":{"0":[19],"1":[13,8],"2":[13,6],"3":[13,7],"4":[3,16]},"meta":{"lastBranch":5,"lastFunction":13,"lastStatement":33,"seen":{"s:1:0:1:Infinity":0,"s:26:40:61:Infinity":1,"s:63:30:112:Infinity":2,"f:114:9:114:23":0,"s:115:18:115:Infinity":3,"s:116:2:116:Infinity":4,"f:116:10:116:16":1,"s:116:65:116:76":5,"s:117:19:117:Infinity":6,"s:118:2:118:Infinity":7,"f:121:16:121:26":2,"b:121:40:121:70":0,"s:122:15:122:Infinity":8,"s:123:17:127:Infinity":9,"s:129:17:129:Infinity":10,"s:130:8:130:Infinity":11,"f:130:25:130:49":3,"s:130:49:130:72":12,"s:131:22:131:Infinity":13,"s:133:8:147:Infinity":14,"f:133:16:133:30":4,"s:134:18:145:Infinity":15,"s:146:4:146:Infinity":16,"s:149:8:152:Infinity":17,"f:149:22:149:36":5,"s:150:19:150:Infinity":18,"s:151:4:151:Infinity":19,"f:154:11:154:18":6,"s:155:4:159:Infinity":20,"f:155:4:155:15":7,"s:155:51:159:6":21,"b:156:31:156:55:156:55:156:Infinity":1,"b:157:37:157:64:157:64:157:Infinity":2,"b:158:29:158:52:158:52:158:Infinity":3,"s:160:4:160:Infinity":22,"f:160:4:160:13":8,"s:160:27:160:32":23,"f:163:11:163:21":9,"s:164:4:164:Infinity":24,"s:165:4:165:Infinity":25,"b:168:2:212:Infinity:undefined:undefined:undefined:undefined":4,"s:168:2:212:Infinity":26,"s:169:4:210:Infinity":27,"f:183:34:183:39":10,"s:184:14:192:Infinity":28,"s:214:12:214:Infinity":29,"s:216:2:246:Infinity":30,"f:233:21:233:26":11,"s:234:12:242:Infinity":31,"f:236:14:236:29":12,"s:236:29:236:Infinity":32}}}
,"C:\\Users\\Gabriele\\Documents\\Gabriele\\Kyrvyn Ltd\\website\\Kyrvyn_Ltd\\src\\components\\ui\\SectionHeading.tsx": {"path":"C:\\Users\\Gabriele\\Documents\\Gabriele\\Kyrvyn Ltd\\website\\Kyrvyn_Ltd\\src\\components\\ui\\SectionHeading.tsx","statementMap":{"0":{"start":{"line":12,"column":2},"end":{"line":20,"column":null}},"1":{"start":{"line":25,"column":38},"end":{"line":25,"column":null}},"2":{"start":{"line":26,"column":2},"end":{"line":26,"column":null}}},"fnMap":{"0":{"name":"SectionHeading","decl":{"start":{"line":3,"column":16},"end":{"line":3,"column":31}},"loc":{"start":{"line":11,"column":3},"end":{"line":22,"column":null}},"line":11},"1":{"name":"SectionDivider","decl":{"start":{"line":24,"column":16},"end":{"line":24,"column":31}},"loc":{"start":{"line":24,"column":61},"end":{"line":27,"column":null}},"line":24}},"branchMap":{"0":{"loc":{"start":{"line":6,"column":2},"end":{"line":6,"column":null}},"type":"default-arg","locations":[{"start":{"line":6,"column":14},"end":{"line":6,"column":null}}],"line":6},"1":{"loc":{"start":{"line":17,"column":7},"end":{"line":20,"column":null}},"type":"binary-expr","locations":[{"start":{"line":17,"column":7},"end":{"line":17,"column":null}},{"start":{"line":18,"column":8},"end":{"line":20,"column":null}}],"line":17},"2":{"loc":{"start":{"line":25,"column":10},"end":{"line":25,"column":26}},"type":"default-arg","locations":[{"start":{"line":25,"column":22},"end":{"line":25,"column":26}}],"line":25}},"s":{"0":1,"1":1,"2":1},"f":{"0":1,"1":1},"b":{"0":[1],"1":[1,1],"2":[1]},"meta":{"lastBranch":3,"lastFunction":2,"lastStatement":3,"seen":{"f:3:16:3:31":0,"b:6:14:6:Infinity":0,"s:12:2:20:Infinity":0,"b:17:7:17:Infinity:18:8:20:Infinity":1,"f:24:16:24:31":1,"s:25:38:25:Infinity":1,"b:25:22:25:26":2,"s:26:2:26:Infinity":2}}}
,"C:\\Users\\Gabriele\\Documents\\Gabriele\\Kyrvyn Ltd\\website\\Kyrvyn_Ltd\\src\\components\\ui\\ThemeToggle.tsx": {"path":"C:\\Users\\Gabriele\\Documents\\Gabriele\\Kyrvyn Ltd\\website\\Kyrvyn_Ltd\\src\\components\\ui\\ThemeToggle.tsx","statementMap":{"0":{"start":{"line":1,"column":0},"end":{"line":1,"column":null}},"1":{"start":{"line":8,"column":17},"end":{"line":8,"column":null}},"2":{"start":{"line":9,"column":18},"end":{"line":9,"column":null}},"3":{"start":{"line":11,"column":2},"end":{"line":13,"column":null}},"4":{"start":{"line":12,"column":4},"end":{"line":12,"column":null}},"5":{"start":{"line":15,"column":2},"end":{"line":17,"column":null}},"6":{"start":{"line":16,"column":4},"end":{"line":16,"column":null}},"7":{"start":{"line":19,"column":2},"end":{"line":30,"column":null}},"8":{"start":{"line":21,"column":21},"end":{"line":21,"column":null}}},"fnMap":{"0":{"name":"ThemeToggle","decl":{"start":{"line":7,"column":16},"end":{"line":7,"column":30}},"loc":{"start":{"line":7,"column":30},"end":{"line":32,"column":null}},"line":7},"1":{"name":"(anonymous_1)","decl":{"start":{"line":11,"column":2},"end":{"line":11,"column":18}},"loc":{"start":{"line":11,"column":18},"end":{"line":13,"column":5}},"line":11},"2":{"name":"(anonymous_2)","decl":{"start":{"line":21,"column":6},"end":{"line":21,"column":21}},"loc":{"start":{"line":21,"column":21},"end":{"line":21,"column":null}},"line":21}},"branchMap":{"0":{"loc":{"start":{"line":15,"column":2},"end":{"line":17,"column":null}},"type":"if","locations":[{"start":{"line":15,"column":2},"end":{"line":17,"column":null}},{"start":{},"end":{}}],"line":15},"1":{"loc":{"start":{"line":21,"column":30},"end":{"line":21,"column":65}},"type":"cond-expr","locations":[{"start":{"line":21,"column":49},"end":{"line":21,"column":59}},{"start":{"line":21,"column":59},"end":{"line":21,"column":65}}],"line":21},"2":{"loc":{"start":{"line":25,"column":7},"end":{"line":28,"column":null}},"type":"cond-expr","locations":[{"start":{"line":26,"column":8},"end":{"line":28,"column":9}},{"start":{"line":28,"column":8},"end":{"line":28,"column":null}}],"line":25}},"s":{"0":1,"1":4,"2":4,"3":4,"4":2,"5":4,"6":2,"7":2,"8":2},"f":{"0":4,"1":2,"2":2},"b":{"0":[2,2],"1":[1,1],"2":[1,1]},"meta":{"lastBranch":3,"lastFunction":3,"lastStatement":9,"seen":{"s:1:0:1:Infinity":0,"f:7:16:7:30":0,"s:8:17:8:Infinity":1,"s:9:18:9:Infinity":2,"s:11:2:13:Infinity":3,"f:11:2:11:18":1,"s:12:4:12:Infinity":4,"b:15:2:17:Infinity:undefined:undefined:undefined:undefined":0,"s:15:2:17:Infinity":5,"s:16:4:16:Infinity":6,"s:19:2:30:Infinity":7,"f:21:6:21:21":2,"s:21:21:21:Infinity":8,"b:21:49:21:59:21:59:21:65":1,"b:26:8:28:9:28:8:28:Infinity":2}}}
,"C:\\Users\\Gabriele\\Documents\\Gabriele\\Kyrvyn Ltd\\website\\Kyrvyn_Ltd\\src\\lib\\caseStudies.ts": {"path":"C:\\Users\\Gabriele\\Documents\\Gabriele\\Kyrvyn Ltd\\website\\Kyrvyn_Ltd\\src\\lib\\caseStudies.ts","statementMap":{"0":{"start":{"line":13,"column":40},"end":{"line":73,"column":null}}},"fnMap":{},"branchMap":{},"s":{"0":1},"f":{},"b":{},"meta":{"lastBranch":0,"lastFunction":0,"lastStatement":1,"seen":{"s:13:40:73:Infinity":0}}}
}
